2021-04-30T23:55:00.127629	886715E6D6C9D4FB	status=rejected
2021-04-30T23:55:00.791921	F8F63278A6A3AD87	from=<sarah.smith@example.com>
2021-04-30T23:55:01.470432	418512384DDDD2C6	from=<robert.rodriguez@example.com>
2021-04-30T23:55:01.697902	0D8760D4ADAB456D	message-id=<696b66ea-f493-4ba2-9e8a-553bd03b7d37@2PPZOR2ULU>
2021-04-30T23:55:01.736492	0D8760D4ADAB456D	from=<william.smith@example.com>
2021-04-30T23:55:02.043100	0D8760D4ADAB456D	to=<william.davis@example.com>
2021-04-30T23:55:02.842802	EC5AD35BADC381F9	client=10.2.38.215
2021-04-30T23:55:03.132660	2AB0E95297136E70	client=2001:db8::8f75:20e2:c47f
2021-04-30T23:55:03.550296	BAB22895DB867DFF	status=sent
2021-04-30T23:55:04.392986	5BE423F6370D1D1B	client=10.38.217.222
2021-04-30T23:55:04.661467	5D11914582F8C85A	client=2001:db8::7bbb:6743:c8c5
2021-04-30T23:55:05.306358	E2E8D917BB751176	message-id=<da3d4d7c-643c-4a15-989a-3cd6269030f4@30Q7E75V7B>
2021-04-30T23:55:05.872830	F8F63278A6A3AD87	to=<patricia.garcia@example.com>
2021-04-30T23:55:06.272336	F8F63278A6A3AD87	status=sent
2021-04-30T23:55:06.716495	C7CC8201A67C8E52	from=<thomas.wilson@example.com>
2021-04-30T23:55:07.056882	5BE423F6370D1D1B	message-id=<d5db8bc8-871e-48de-9e64-e23fca0c0134@56WZW5K1C2>
2021-04-30T23:55:07.113379	0D8760D4ADAB456D	status=sent
2021-04-30T23:55:07.370491	5D11914582F8C85A	message-id=<b041aedf-07ec-4e67-9a1a-e9f23a6ab434@82AZ76YJPI>
2021-04-30T23:55:07.732459	2AB0E95297136E70	message-id=<c948f7eb-144c-4688-b122-1191eea2cb29@4Q1QAJ0BLI>
2021-04-30T23:55:08.608998	C1D805D68377D513	to=<karen.smith@example.com>
2021-04-30T23:55:08.782778	418512384DDDD2C6	to=<jessica.jones@example.com>
2021-04-30T23:55:09.383173	E2E8D917BB751176	from=<barbara.rodriguez@example.com>
2021-04-30T23:55:09.676896	33DD2B20F2AB9262	status=sent
2021-04-30T23:55:10.157677	452FAD67C2867C47	client=10.38.217.222
2021-04-30T23:55:11.064902	C7CC8201A67C8E52	to=<patricia.jones@example.com>
2021-04-30T23:55:11.709673	E2E8D917BB751176	to=<richard.garcia@example.com>
2021-04-30T23:55:12.667447	EC5AD35BADC381F9	message-id=<b2fd4dac-2513-4895-ac84-3c68ecabc3ec@U83K85L7HK>
2021-04-30T23:55:13.503680	5D11914582F8C85A	from=<elizabeth.brown@example.com>
2021-04-30T23:55:14.075411	EC5AD35BADC381F9	from=<michael.brown@example.com>
2021-04-30T23:55:14.985485	3C5BF2164FE44F3B	client=2001:db8::6d84:1d88:ce16
2021-04-30T23:55:15.697790	452FAD67C2867C47	message-id=<af65d4ed-cacd-45c3-a372-a23444877de7@U83K85L7HK>
2021-04-30T23:55:16.501135	5BE423F6370D1D1B	from=<linda.smith@example.com>
2021-04-30T23:55:16.832920	5BE423F6370D1D1B	to=<jessica.brown@example.com>
2021-04-30T23:55:17.589650	2AB0E95297136E70	from=<thomas.williams@example.com>
2021-04-30T23:55:18.167147	3C5BF2164FE44F3B	message-id=<9a669649-2d1d-4992-adb1-d72ebe064275@553ATN2B5U>
2021-04-30T23:55:19.136311	2AB0E95297136E70	to=<jennifer.garcia@example.com>
2021-04-30T23:55:19.544033	C7CC8201A67C8E52	status=sent
2021-04-30T23:55:19.982401	E2E8D917BB751176	status=sent
2021-04-30T23:55:20.674348	EC5AD35BADC381F9	to=<jennifer.garcia@example.com>
2021-04-30T23:55:20.996509	5BE423F6370D1D1B	status=sent
2021-04-30T23:55:21.803539	5D11914582F8C85A	to=<thomas.williams@example.com>
2021-04-30T23:55:22.238036	EC5AD35BADC381F9	status=rejected
2021-04-30T23:55:22.615008	F97459E65EA30D77	client=10.52.41.44
2021-04-30T23:55:22.902363	C1D805D68377D513	status=sent
2021-04-30T23:55:23.640818	3C5BF2164FE44F3B	from=<patricia.miller@example.com>
2021-04-30T23:55:24.493171	5D11914582F8C85A	status=sent
2021-04-30T23:55:25.467328	F97459E65EA30D77	message-id=<3db1b529-82f4-4179-a3bf-e267c22467b7@OTYESS0TGT>
2021-04-30T23:55:25.684707	3C5BF2164FE44F3B	to=<michael.brown@example.com>
2021-04-30T23:55:25.819455	452FAD67C2867C47	from=<michael.brown@example.com>
2021-04-30T23:55:26.785660	30271F305CFADE8E	client=2001:db8::6d84:1d88:ce16
2021-04-30T23:55:27.245606	2AB0E95297136E70	status=sent
2021-04-30T23:55:28.223070	3C5BF2164FE44F3B	status=sent
2021-04-30T23:55:28.534637	6F13B0BF98F3CA34	client=10.16.38.41
2021-04-30T23:55:28.547325	3E28D79DFD4C827A	client=10.227.52.164
2021-04-30T23:55:28.844988	F97459E65EA30D77	from=<william.davis@example.com>
2021-04-30T23:55:29.767489	418512384DDDD2C6	status=sent
2021-04-30T23:55:29.977759	8597D345412522D0	client=2001:db8::6d84:1d88:ce16
2021-04-30T23:55:30.200065	BC36FBC84782DB71	client=10.126.175.88
2021-04-30T23:55:30.820294	8597D345412522D0	message-id=<c9e1f9fa-4545-4dec-aae8-b2eb8c7b2f24@87WCZAF0IS>
2021-04-30T23:55:30.856272	5E76A207E747AAD9	client=10.172.59.97
2021-04-30T23:55:31.232755	30271F305CFADE8E	message-id=<75b4a39d-de98-49f9-adfc-c8e27281e7c8@56WZW5K1C2>
2021-04-30T23:55:32.049367	F97459E65EA30D77	to=<barbara.smith@example.com>
2021-04-30T23:55:32.921983	5E76A207E747AAD9	message-id=<d99d65a1-aa32-4850-993f-bf107db88da3@30Q7E75V7B>
2021-04-30T23:55:33.151203	F97459E65EA30D77	status=rejected
2021-04-30T23:55:33.523616	5D5D0A71FD45C4B5	client=2001:db8::b94f:54e7:c860
2021-04-30T23:55:34.242229	96D745C7C95498C8	client=10.172.59.97
2021-04-30T23:55:35.041874	A8C4F2E06225AD16	client=2001:db8::b94f:54e7:c860
2021-04-30T23:55:35.636523	8597D345412522D0	from=<david.johnson@example.com>
2021-04-30T23:55:36.157368	BC36FBC84782DB71	message-id=<7a08ad74-ea3f-44be-86ad-471b1acfba7c@VYZ2HL0GF2>
2021-04-30T23:55:36.177832	8597D345412522D0	to=<michael.brown@example.com>
2021-04-30T23:55:36.774929	BC36FBC84782DB71	from=<david.jones@example.com>
2021-04-30T23:55:36.806267	5E76A207E747AAD9	from=<barbara.rodriguez@example.com>
2021-04-30T23:55:37.432126	3E28D79DFD4C827A	message-id=<90df9f0b-96df-4aa1-a8d4-de984f73bce4@DWJ5P7E9WS>
2021-04-30T23:55:38.010350	6F13B0BF98F3CA34	message-id=<288e682e-d840-4fba-8347-5209d09c769e@U3JOMR97OK>
2021-04-30T23:55:38.560823	1B15B6F873C7A990	client=10.172.59.97
2021-04-30T23:55:39.367410	30271F305CFADE8E	from=<linda.smith@example.com>
2021-04-30T23:55:39.539013	1B15B6F873C7A990	message-id=<14c62ba9-0a84-45bc-81b6-65c4b1bef2d5@19SPI24W6D>
2021-04-30T23:55:40.123979	5E76A207E747AAD9	to=<david.johnson@example.com>
2021-04-30T23:55:40.342611	5D5D0A71FD45C4B5	message-id=<e44473ec-ac91-40d7-87fe-102cc6011aae@82AZ76YJPI>
2021-04-30T23:55:40.416989	5E76A207E747AAD9	status=sent
2021-04-30T23:55:41.028430	BC36FBC84782DB71	to=<mary.miller@example.com>
2021-04-30T23:55:41.705933	BC36FBC84782DB71	status=sent
2021-04-30T23:55:42.247744	1B15B6F873C7A990	from=<sarah.davis@example.com>
2021-04-30T23:55:42.930377	1B15B6F873C7A990	to=<robert.rodriguez@example.com>
2021-04-30T23:55:43.085048	8597D345412522D0	status=sent
2021-04-30T23:55:43.345266	6F13B0BF98F3CA34	from=<sarah.smith@example.com>
2021-04-30T23:55:44.242549	452FAD67C2867C47	to=<karen.smith@example.com>
2021-04-30T23:55:45.125697	AC5A08319600BDE5	client=2001:db8::cff1:17b0:b576
2021-04-30T23:55:45.951042	96D745C7C95498C8	message-id=<0992097b-212c-453c-b544-72e743c152ef@GCKKF1FJXJ>
2021-04-30T23:55:46.024947	30271F305CFADE8E	to=<karen.jones@example.com>
2021-04-30T23:55:46.291075	96D745C7C95498C8	from=<michael.rodriguez@example.com>
2021-04-30T23:55:47.054297	30271F305CFADE8E	status=sent
2021-04-30T23:55:47.690554	3E28D79DFD4C827A	from=<jessica.brown@example.com>
2021-04-30T23:55:47.925794	5A9E70F109DBADF1	client=2001:db8::6d84:1d88:ce16
2021-04-30T23:55:48.646156	AC5A08319600BDE5	message-id=<1fc076a2-f9e1-479a-bf81-89377bcc094e@AWD0BPDKXK>
2021-04-30T23:55:49.014746	1B15B6F873C7A990	status=sent
2021-04-30T23:55:49.075853	5A9E70F109DBADF1	message-id=<98f4d1ab-6123-40e6-8260-5796a064aca6@HYNR6KSQJE>
2021-04-30T23:55:49.988664	A8C4F2E06225AD16	message-id=<d3a9382f-8ebe-4b4c-8a39-c9cc0bc5e412@D5TYFKU0TB>
2021-04-30T23:55:50.397465	96D745C7C95498C8	to=<mary.williams@example.com>
2021-04-30T23:55:51.078793	3E28D79DFD4C827A	to=<karen.jones@example.com>
2021-04-30T23:55:51.100152	A8C4F2E06225AD16	from=<karen.smith@example.com>
2021-04-30T23:55:51.623274	AC5A08319600BDE5	from=<jennifer.miller@example.com>
2021-04-30T23:55:52.154977	A8C4F2E06225AD16	to=<patricia.jones@example.com>
2021-04-30T23:55:52.986884	57971231D4C91D05	client=2001:db8::bce6:45f4:f398
2021-04-30T23:55:53.400804	8073EDDDB43656A7	client=10.38.239.99
2021-04-30T23:55:53.671080	96D745C7C95498C8	status=sent
2021-04-30T23:55:53.790110	4414DD839C9ADF46	client=10.52.41.44
2021-04-30T23:55:54.588519	4414DD839C9ADF46	message-id=<15e0014e-3968-4558-821a-36ff6f2b7b60@FV920IE9NT>
2021-04-30T23:55:54.966436	3E28D79DFD4C827A	status=sent
2021-04-30T23:55:55.132451	DDD4C57EB10AEBBA	client=10.16.38.41
2021-04-30T23:55:55.560342	8073EDDDB43656A7	message-id=<734729eb-df43-4235-843f-5f7ff7080f12@FFJ6FNVCKS>
2021-04-30T23:55:55.978193	DDD4C57EB10AEBBA	message-id=<15b7b48a-9120-418f-93e7-c610990640e3@EZB7E1SC4K>
2021-04-30T23:55:56.966647	4414DD839C9ADF46	from=<susan.smith@example.com>
2021-04-30T23:55:57.799316	5A9E70F109DBADF1	from=<mary.miller@example.com>
2021-04-30T23:55:58.712047	5D5D0A71FD45C4B5	from=<elizabeth.brown@example.com>
2021-04-30T23:55:58.840727	57971231D4C91D05	message-id=<29aed171-dfc5-4ea4-8b30-e40a5fadb865@30Q7E75V7B>
2021-04-30T23:55:59.668399	AC5A08319600BDE5	to=<karen.smith@example.com>
2021-04-30T23:55:59.889066	452FAD67C2867C47	status=sent
2021-04-30T23:56:00.070733	8073EDDDB43656A7	from=<jessica.jones@example.com>
2021-04-30T23:56:00.542539	8E92E1703D06C898	client=10.126.175.88
2021-04-30T23:56:01.436651	265BB56DF0B02122	client=10.38.217.222
2021-04-30T23:56:01.724597	5A9E70F109DBADF1	to=<richard.garcia@example.com>
2021-04-30T23:56:02.684293	4414DD839C9ADF46	to=<william.davis@example.com>
2021-04-30T23:56:02.869622	DDD4C57EB10AEBBA	from=<thomas.wilson@example.com>
2021-04-30T23:56:03.832494	265BB56DF0B02122	message-id=<740f16da-5eee-4f1b-8a85-98e1b10c945a@553ATN2B5U>
2021-04-30T23:56:04.482037	DDD4C57EB10AEBBA	to=<linda.johnson@example.com>
2021-04-30T23:56:05.065896	57971231D4C91D05	from=<barbara.rodriguez@example.com>
2021-04-30T23:56:05.380174	A8C4F2E06225AD16	status=rejected
2021-04-30T23:56:05.594241	5D5D0A71FD45C4B5	to=<richard.garcia@example.com>
2021-04-30T23:56:06.285389	AC5A08319600BDE5	status=sent
2021-04-30T23:56:06.790652	DDD4C57EB10AEBBA	status=sent
2021-04-30T23:56:07.208945	696FDADEA04A99EE	client=2001:db8::51ff:89b3:ee33
2021-04-30T23:56:08.202734	6F13B0BF98F3CA34	to=<jennifer.miller@example.com>
2021-04-30T23:56:08.967636	6F13B0BF98F3CA34	status=rejected
2021-04-30T23:56:09.224968	DD031866A3E63500	client=10.227.52.164
2021-04-30T23:56:10.120821	696FDADEA04A99EE	message-id=<cb53835c-2d78-4ee5-9d3c-24c1c8d8a4dc@U83K85L7HK>
2021-04-30T23:56:10.228155	8073EDDDB43656A7	to=<michael.rodriguez@example.com>
2021-04-30T23:56:10.663840	F403BB6DA4ABB89D	client=2001:db8::8f75:20e2:c47f
2021-04-30T23:56:10.991691	4414DD839C9ADF46	status=sent
2021-04-30T23:56:11.273843	EA759A3BAB5C8A39	client=2001:db8::51ff:89b3:ee33
2021-04-30T23:56:11.601869	265BB56DF0B02122	from=<patricia.miller@example.com>
2021-04-30T23:56:12.126616	5D5D0A71FD45C4B5	status=sent
2021-04-30T23:56:12.549005	5A9E70F109DBADF1	status=sent
2021-04-30T23:56:13.091419	B018043099406CE6	client=2001:db8::51ff:89b3:ee33
2021-04-30T23:56:13.136814	40E3B1B3CD26A619	client=2001:db8::8f75:20e2:c47f
2021-04-30T23:56:13.457547	F403BB6DA4ABB89D	message-id=<79f381ae-e821-4e0e-ba21-74af45df26ed@IUZAJ2KVCD>
2021-04-30T23:56:13.802785	B018043099406CE6	message-id=<08346d9c-f869-4ae8-a128-b1013b4df02c@XM60Y0TO2U>
2021-04-30T23:56:14.007366	40E3B1B3CD26A619	message-id=<c37f752e-d7ff-43e0-ad1d-3c93d700e87d@G59ZPV879A>
2021-04-30T23:56:14.916020	DD031866A3E63500	message-id=<918f3b4c-aaa3-411a-b120-a2ef009d276e@L6TZKLVDBQ>
2021-04-30T23:56:15.371708	696FDADEA04A99EE	from=<michael.brown@example.com>
2021-04-30T23:56:15.997671	57971231D4C91D05	to=<joseph.brown@example.com>
2021-04-30T23:56:16.024247	8073EDDDB43656A7	status=sent
2021-04-30T23:56:16.710073	8E92E1703D06C898	message-id=<08c0038c-310c-4c02-bfe3-e15fd5bab0cc@I3XJQ6HJBU>
2021-04-30T23:56:17.180754	40E3B1B3CD26A619	from=<barbara.smith@example.com>
2021-04-30T23:56:17.519817	57971231D4C91D05	status=rejected
2021-04-30T23:56:17.869539	EA759A3BAB5C8A39	message-id=<749ca050-61da-4e77-bfb8-6fce028e27ff@87WCZAF0IS>
2021-04-30T23:56:18.378260	38413686649815C9	client=2001:db8::cff1:17b0:b576
2021-04-30T23:56:18.834637	696FDADEA04A99EE	to=<sarah.davis@example.com>
2021-04-30T23:56:19.717866	B018043099406CE6	from=<john.smith@example.com>
2021-04-30T23:56:19.948960	DD031866A3E63500	from=<karen.jones@example.com>
2021-04-30T23:56:20.032851	F403BB6DA4ABB89D	from=<mary.davis@example.com>
2021-04-30T23:56:20.279612	FBE5606332EA35ED	client=10.234.214.196
2021-04-30T23:56:20.541434	EA759A3BAB5C8A39	from=<david.johnson@example.com>
2021-04-30T23:56:21.131804	38413686649815C9	message-id=<aec58806-c2c3-43d0-82ff-6f6f656256d6@U83K85L7HK>
2021-04-30T23:56:21.137267	265BB56DF0B02122	to=<james.rodriguez@example.com>
2021-04-30T23:56:21.620455	F403BB6DA4ABB89D	to=<thomas.wilson@example.com>
2021-04-30T23:56:22.390858	FBE5606332EA35ED	message-id=<e614585b-7a01-4cc8-b8eb-acaeecec17c7@FFJ6FNVCKS>
2021-04-30T23:56:22.736499	265BB56DF0B02122	status=sent
2021-04-30T23:56:22.926672	696FDADEA04A99EE	status=sent
2021-04-30T23:56:23.423003	DD031866A3E63500	to=<joseph.smith@example.com>
2021-04-30T23:56:24.370233	8E92E1703D06C898	from=<linda.johnson@example.com>
2021-04-30T23:56:25.055904	065EA91DEB11F05E	client=10.7.201.222
2021-04-30T23:56:25.223376	FBE5606332EA35ED	from=<jessica.jones@example.com>
2021-04-30T23:56:26.217256	EA759A3BAB5C8A39	to=<jennifer.garcia@example.com>
2021-04-30T23:56:26.997088	455B469DBF6AAD88	client=10.172.59.97
2021-04-30T23:56:27.915052	38413686649815C9	from=<michael.brown@example.com>
2021-04-30T23:56:28.141128	455B469DBF6AAD88	message-id=<36d335dd-c86c-4d95-9aea-657884fc8387@4Q1QAJ0BLI>
2021-04-30T23:56:28.525081	455B469DBF6AAD88	from=<thomas.williams@example.com>
2021-04-30T23:56:29.523911	EA759A3BAB5C8A39	status=sent
2021-04-30T23:56:29.598139	7AF59C71D244BB5F	client=10.38.239.99
2021-04-30T23:56:29.717902	455B469DBF6AAD88	to=<william.johnson@example.com>
2021-04-30T23:56:29.982375	455B469DBF6AAD88	status=sent
2021-04-30T23:56:30.610214	7AF59C71D244BB5F	message-id=<7a9f4518-5845-470a-b948-4667d3fc3cb3@7NJNT8UFRE>
2021-04-30T23:56:31.023996	74425194DC3B1AAD	client=10.16.38.41
2021-04-30T23:56:31.371280	B018043099406CE6	to=<william.johnson@example.com>
2021-04-30T23:56:32.040210	B018043099406CE6	status=sent
2021-04-30T23:56:32.708494	F70E1A85D2D2846C	client=2001:db8::c033:cf8:f10e
2021-04-30T23:56:33.180146	38413686649815C9	to=<jennifer.johnson@example.com>
2021-04-30T23:56:33.492668	7AF59C71D244BB5F	from=<patricia.jones@example.com>
2021-04-30T23:56:34.078724	FBE5606332EA35ED	to=<thomas.williams@example.com>
2021-04-30T23:56:34.194750	74425194DC3B1AAD	message-id=<50552953-4264-43dc-a7eb-83e73648aceb@OTYESS0TGT>
2021-04-30T23:56:35.087763	065EA91DEB11F05E	message-id=<8cdec671-3d27-49f4-81bc-5994784d7f07@GCKKF1FJXJ>
2021-04-30T23:56:35.176244	38413686649815C9	status=sent
2021-04-30T23:56:35.852313	F403BB6DA4ABB89D	status=rejected
2021-04-30T23:56:35.940674	74425194DC3B1AAD	from=<william.davis@example.com>
2021-04-30T23:56:36.889264	40E3B1B3CD26A619	to=<karen.smith@example.com>
2021-04-30T23:56:37.522805	8E92E1703D06C898	to=<sarah.smith@example.com>
2021-04-30T23:56:38.223374	2AA0116E61C8E5A3	client=2001:db8::b94f:54e7:c860
2021-04-30T23:56:39.019803	7AF59C71D244BB5F	to=<william.davis@example.com>
2021-04-30T23:56:39.062265	A5F882C5B84B19C4	client=10.16.38.41
2021-04-30T23:56:40.007114	8E92E1703D06C898	status=sent
2021-04-30T23:56:40.761972	F70E1A85D2D2846C	message-id=<2616d2af-fee4-4253-8f63-6066a2aaa395@U83K85L7HK>
2021-04-30T23:56:41.664173	F70E1A85D2D2846C	from=<michael.brown@example.com>
2021-04-30T23:56:42.164508	A5F882C5B84B19C4	message-id=<e7243bf8-f482-4ccd-9142-1707435eae63@OL891WFDIF>
2021-04-30T23:56:42.897808	40E3B1B3CD26A619	status=sent
2021-04-30T23:56:43.687052	FBE5606332EA35ED	status=sent
2021-04-30T23:56:44.524120	1E8D90B5274F12B8	client=2001:db8::cff1:17b0:b576
2021-04-30T23:56:45.092684	2AA0116E61C8E5A3	message-id=<09436bc0-227a-4a6f-83e2-2152a35c6f8a@EZB7E1SC4K>
2021-04-30T23:56:45.524506	74425194DC3B1AAD	to=<linda.smith@example.com>
2021-04-30T23:56:45.678629	065EA91DEB11F05E	from=<michael.rodriguez@example.com>
2021-04-30T23:56:46.388027	065EA91DEB11F05E	to=<susan.smith@example.com>
2021-04-30T23:56:47.314474	065EA91DEB11F05E	status=sent
2021-04-30T23:56:48.112067	1E8D90B5274F12B8	message-id=<9ddef560-583a-48a4-ba45-d824f923e176@FFJ6FNVCKS>
2021-04-30T23:56:48.690207	DD031866A3E63500	status=sent
2021-04-30T23:56:49.582898	1E8D90B5274F12B8	from=<jessica.jones@example.com>
2021-04-30T23:56:49.768296	2AA0116E61C8E5A3	from=<thomas.wilson@example.com>
2021-04-30T23:56:50.644229	7AF59C71D244BB5F	status=sent
2021-04-30T23:56:51.522110	A5F882C5B84B19C4	from=<robert.rodriguez@example.com>
2021-04-30T23:56:51.641778	5B99270BFEE80BCA	client=2001:db8::8f75:20e2:c47f
2021-04-30T23:56:52.544764	16E093B46C837701	client=2001:db8::8f75:20e2:c47f
2021-04-30T23:56:52.780616	1E8D90B5274F12B8	to=<patricia.jones@example.com>
2021-04-30T23:56:53.146175	74425194DC3B1AAD	status=sent
2021-04-30T23:56:53.325835	FDFDA4BFCD164E7E	client=10.38.217.222
2021-04-30T23:56:53.381599	35FB221146ABF48F	client=2001:db8::6d84:1d88:ce16
2021-04-30T23:56:53.993280	FDFDA4BFCD164E7E	message-id=<ea7a2635-cbb1-446e-b43c-70bc17654a68@9F2MH41UHD>
2021-04-30T23:56:54.753298	C339DAD814FA2DB1	client=10.38.239.99
2021-04-30T23:56:54.808466	16E093B46C837701	message-id=<9a9601c3-5376-4ed5-b9ae-1c4e5a6a0fe8@GCKKF1FJXJ>
2021-04-30T23:56:55.799405	A5F882C5B84B19C4	to=<karen.jones@example.com>
2021-04-30T23:56:56.430607	16E093B46C837701	from=<michael.rodriguez@example.com>
2021-04-30T23:56:57.270768	5B99270BFEE80BCA	message-id=<b48ff4af-9a03-469f-bddb-6225c38abf2e@87WCZAF0IS>
2021-04-30T23:56:57.749711	16E093B46C837701	to=<michael.brown@example.com>
2021-04-30T23:56:57.952982	FDFDA4BFCD164E7E	from=<charles.jones@example.com>
2021-04-30T23:56:58.697208	1E8D90B5274F12B8	status=sent
2021-04-30T23:56:58.961174	E74F76401D051517	client=10.16.38.41
2021-04-30T23:56:59.210819	FDFDA4BFCD164E7E	to=<thomas.wilson@example.com>
2021-04-30T23:56:59.547764	5B99270BFEE80BCA	from=<david.johnson@example.com>
2021-04-30T23:56:59.897648	C339DAD814FA2DB1	message-id=<db8b55a6-45e6-4432-a730-d64a903d8a0a@553ATN2B5U>
2021-04-30T23:56:59.994977	0852EBA563BE3307	client=10.126.175.88
2021-04-30T23:57:00.718743	A5F882C5B84B19C4	status=sent
2021-04-30T23:57:00.938799	2AA0116E61C8E5A3	to=<sarah.davis@example.com>
2021-04-30T23:57:01.183185	0852EBA563BE3307	message-id=<df6180e1-ba5e-41aa-b7c9-28dc821e5573@9F2MH41UHD>
2021-04-30T23:57:01.495117	C5F1606965BED178	client=10.16.38.41
2021-04-30T23:57:02.465522	FDFDA4BFCD164E7E	status=sent
2021-04-30T23:57:03.152659	E74F76401D051517	message-id=<28c3397a-e0ad-43b7-b2e4-8c806f276e16@9F2MH41UHD>
2021-04-30T23:57:03.454285	EABFB8395C2E5BDD	client=10.16.38.41
2021-04-30T23:57:03.527290	EABFB8395C2E5BDD	message-id=<cb6a8490-fd8d-4687-8817-dd31ba38f8c9@I3XJQ6HJBU>
2021-04-30T23:57:04.094739	16E093B46C837701	status=sent
2021-04-30T23:57:04.112022	E74F76401D051517	from=<charles.jones@example.com>
2021-04-30T23:57:04.439119	EABFB8395C2E5BDD	from=<linda.johnson@example.com>
2021-04-30T23:57:04.482194	84DB696E87DFE52B	client=2001:db8::bce6:45f4:f398
2021-04-30T23:57:05.063803	84DB696E87DFE52B	message-id=<542b401a-f8a3-401e-9b88-ccf67bd4c553@U83K85L7HK>
2021-04-30T23:57:05.884794	EABFB8395C2E5BDD	to=<david.johnson@example.com>
2021-04-30T23:57:06.366762	C339DAD814FA2DB1	from=<patricia.miller@example.com>
2021-04-30T23:57:06.752333	5F5932F5F3B24BAF	client=10.52.41.44
2021-04-30T23:57:07.581466	5F5932F5F3B24BAF	message-id=<33e6337d-825a-40c5-9daa-d3a848896563@L6TZKLVDBQ>
2021-04-30T23:57:07.860840	C339DAD814FA2DB1	to=<william.johnson@example.com>
2021-04-30T23:57:08.513631	2AA0116E61C8E5A3	status=sent
2021-04-30T23:57:08.719806	EABFB8395C2E5BDD	status=sent
2021-04-30T23:57:09.390239	C339DAD814FA2DB1	status=sent
2021-04-30T23:57:10.371553	F85FD3C33EFA53E9	client=2001:db8::157:f5f:b9f5
2021-04-30T23:57:11.021196	4EA8FCC9D5434350	client=2001:db8::bce6:45f4:f398
2021-04-30T23:57:11.196486	4EA8FCC9D5434350	message-id=<c9e062c3-6996-4eea-b1a9-8f1148579737@56WZW5K1C2>
2021-04-30T23:57:12.063839	5B99270BFEE80BCA	to=<michael.rodriguez@example.com>
2021-04-30T23:57:12.996382	0852EBA563BE3307	from=<charles.jones@example.com>
2021-04-30T23:57:13.983789	383872139151A9E5	client=2001:db8::8f75:20e2:c47f
2021-04-30T23:57:14.966077	383872139151A9E5	message-id=<ff2be12b-c66b-44b9-a68c-1ad3513b0806@4Q1QAJ0BLI>
2021-04-30T23:57:15.133978	84DB696E87DFE52B	from=<michael.brown@example.com>
2021-04-30T23:57:15.428303	F85FD3C33EFA53E9	message-id=<fe46d673-f1eb-47cd-b0f9-e60263b710a1@Q93MH8G0LK>
2021-04-30T23:57:15.458021	5B99270BFEE80BCA	status=sent
2021-04-30T23:57:16.137647	4EA8FCC9D5434350	from=<linda.smith@example.com>
2021-04-30T23:57:16.917915	0852EBA563BE3307	to=<jessica.jones@example.com>
2021-04-30T23:57:17.293077	4EA8FCC9D5434350	to=<mary.miller@example.com>
2021-04-30T23:57:17.613412	C5F1606965BED178	message-id=<8dec2af9-91fa-4d50-acba-cbf5285447cc@87WCZAF0IS>
2021-04-30T23:57:17.634778	210B06348AA1E040	client=2001:db8::b94f:54e7:c860
2021-04-30T23:57:18.597425	210B06348AA1E040	message-id=<3ff40a6c-fa58-46cb-8570-7f14fb109d09@553ATN2B5U>
2021-04-30T23:57:18.707396	210B06348AA1E040	from=<patricia.miller@example.com>
2021-04-30T23:57:19.022660	C5F1606965BED178	from=<david.johnson@example.com>
2021-04-30T23:57:19.323185	210B06348AA1E040	to=<patricia.jones@example.com>
2021-04-30T23:57:19.897762	4EA8FCC9D5434350	status=sent
2021-04-30T23:57:20.863419	E74F76401D051517	to=<elizabeth.brown@example.com>
2021-04-30T23:57:21.528214	35FB221146ABF48F	message-id=<19d39411-5671-43f4-9214-30c3ac014fe6@SVLCC616UF>
2021-04-30T23:57:21.847008	F70E1A85D2D2846C	to=<michael.rodriguez@example.com>
2021-04-30T23:57:22.708247	0852EBA563BE3307	status=sent
2021-04-30T23:57:22.856385	383872139151A9E5	from=<thomas.williams@example.com>
2021-04-30T23:57:23.199989	F70E1A85D2D2846C	status=sent
2021-04-30T23:57:23.736434	E74F76401D051517	status=sent
2021-04-30T23:57:23.751731	8C1772278B3FD3B2	client=10.126.175.88
2021-04-30T23:57:23.963848	F85FD3C33EFA53E9	from=<james.rodriguez@example.com>
2021-04-30T23:57:24.426308	35FB221146ABF48F	from=<joseph.smith@example.com>
2021-04-30T23:57:24.931508	383872139151A9E5	to=<barbara.smith@example.com>
2021-04-30T23:57:25.249021	210B06348AA1E040	status=sent
2021-04-30T23:57:26.214040	0EEB15454CFCC2B7	client=2001:db8::51ff:89b3:ee33
2021-04-30T23:57:27.120985	E29763960B05B3B4	client=2001:db8::4b89:9e50:3676
2021-04-30T23:57:27.144019	5F9EDC7093FACD0D	client=10.38.239.99
2021-04-30T23:57:27.828619	383872139151A9E5	status=rejected
2021-04-30T23:57:28.505241	84DB696E87DFE52B	to=<patricia.garcia@example.com>
2021-04-30T23:57:28.597719	E29763960B05B3B4	message-id=<ccaaa4f4-9132-4983-8deb-846c5b8ffec6@AWD0BPDKXK>
2021-04-30T23:57:29.126913	5F9EDC7093FACD0D	message-id=<92628218-790d-4767-8efd-d0758307a4db@U83K85L7HK>
2021-04-30T23:57:29.729355	99674A66EC2AEFFC	client=10.2.38.215
2021-04-30T23:57:30.606980	0EEB15454CFCC2B7	message-id=<bc302467-9bef-4b17-b6a6-630f7f98d7f0@82AZ76YJPI>
2021-04-30T23:57:30.973000	35FB221146ABF48F	to=<michael.brown@example.com>
2021-04-30T23:57:31.151369	F9A0FE948CEFF70E	client=2001:db8::6d84:1d88:ce16
2021-04-30T23:57:32.150745	E29763960B05B3B4	from=<jennifer.miller@example.com>
2021-04-30T23:57:32.293236	F9A0FE948CEFF70E	message-id=<598380b2-796a-4bd6-90e1-b1970f35abba@VYZ2HL0GF2>
2021-04-30T23:57:32.317779	8C1772278B3FD3B2	message-id=<52cacacb-01de-4167-a3aa-fe92c976b51b@FOWY19NEKM>
2021-04-30T23:57:32.751464	C5F1606965BED178	to=<linda.johnson@example.com>
2021-04-30T23:57:33.049525	35FB221146ABF48F	status=sent
2021-04-30T23:57:33.684590	F85FD3C33EFA53E9	to=<barbara.smith@example.com>
2021-04-30T23:57:33.975342	8C1772278B3FD3B2	from=<jennifer.garcia@example.com>
2021-04-30T23:57:34.663131	99674A66EC2AEFFC	message-id=<e392fcd6-fddd-42e7-b422-f02b3273a8ed@L6TZKLVDBQ>
2021-04-30T23:57:35.063538	5F9EDC7093FACD0D	from=<michael.brown@example.com>
2021-04-30T23:57:35.424789	99674A66EC2AEFFC	from=<karen.jones@example.com>
2021-04-30T23:57:35.440693	5F5932F5F3B24BAF	from=<karen.jones@example.com>
2021-04-30T23:57:35.749609	99674A66EC2AEFFC	to=<joseph.smith@example.com>
2021-04-30T23:57:36.263828	8C1772278B3FD3B2	to=<karen.jones@example.com>
2021-04-30T23:57:37.113576	E29763960B05B3B4	to=<james.rodriguez@example.com>
2021-04-30T23:57:37.722706	99674A66EC2AEFFC	status=sent
2021-04-30T23:57:38.668122	8C1772278B3FD3B2	status=sent
2021-04-30T23:57:38.678490	C5F1606965BED178	status=sent
2021-04-30T23:57:39.460256	0EEB15454CFCC2B7	from=<elizabeth.brown@example.com>
2021-04-30T23:57:40.092538	5F9EDC7093FACD0D	to=<mary.williams@example.com>
2021-04-30T23:57:41.062054	C7DF547C1F235B30	client=2001:db8::157:f5f:b9f5
2021-04-30T23:57:41.998668	84DB696E87DFE52B	status=sent
2021-04-30T23:57:42.634002	C7DF547C1F235B30	message-id=<6c70ee1d-bfcd-4cad-9ca9-59e60eba5ab6@EZB7E1SC4K>
2021-04-30T23:57:43.576768	20AEF70BE0ED3E92	client=10.7.201.222
2021-04-30T23:57:44.122012	0EEB15454CFCC2B7	to=<karen.smith@example.com>
2021-04-30T23:57:44.925092	8CA27E166D811A04	client=2001:db8::c033:cf8:f10e
2021-04-30T23:57:45.197275	F9A0FE948CEFF70E	from=<david.jones@example.com>
2021-04-30T23:57:45.829539	F9A0FE948CEFF70E	to=<sarah.smith@example.com>
2021-04-30T23:57:46.608993	F85FD3C33EFA53E9	status=sent
2021-04-30T23:57:47.426160	0D65CD358587F259	client=10.126.175.88
2021-04-30T23:57:48.195908	8CA27E166D811A04	message-id=<8ee29274-9ad9-442d-b734-bbbdec359a2f@DOBB196HJF>
2021-04-30T23:57:48.925366	C7DF547C1F235B30	from=<thomas.wilson@example.com>
2021-04-30T23:57:49.213452	E29763960B05B3B4	status=sent
2021-04-30T23:57:50.172485	0277A1D9CB5CC172	client=2001:db8::cff1:17b0:b576
2021-04-30T23:57:50.376100	8F20E451D9DF7384	client=2001:db8::c033:cf8:f10e
2021-04-30T23:57:50.376101	C7DF547C1F235B30	to=<jennifer.johnson@example.com>
2021-04-30T23:57:50.952381	5F5932F5F3B24BAF	to=<patricia.jones@example.com>
2021-04-30T23:57:51.266990	5F9EDC7093FACD0D	status=sent
2021-04-30T23:57:51.395924	C7DF547C1F235B30	status=sent
2021-04-30T23:57:51.955146	5F5932F5F3B24BAF	status=sent
2021-04-30T23:57:52.727111	0EEB15454CFCC2B7	status=sent
2021-04-30T23:57:53.718291	8F20E451D9DF7384	message-id=<7e736925-1226-4322-95ee-d992056ddaa4@DOBB196HJF>
2021-04-30T23:57:53.919075	98F309DD7127CC5E	client=10.2.38.215
2021-04-30T23:57:54.588353	A24A686EA57A7A93	client=10.16.38.41
2021-04-30T23:57:55.156809	0D65CD358587F259	message-id=<0c378bd8-ffca-41f6-abb2-61f783411781@XM60Y0TO2U>
2021-04-30T23:57:55.896726	0D65CD358587F259	from=<john.smith@example.com>
2021-04-30T23:57:56.624669	20AEF70BE0ED3E92	message-id=<99d7b531-c418-4a69-93a5-19adc6e95d43@FFJ6FNVCKS>
2021-04-30T23:57:57.197919	A24A686EA57A7A93	message-id=<90610a7c-34e4-41a2-944f-21d997d200f5@19SPI24W6D>
2021-04-30T23:57:57.454644	0D65CD358587F259	to=<karen.smith@example.com>
2021-04-30T23:57:58.052713	98F309DD7127CC5E	message-id=<1275651f-3bf3-419a-a1e6-b0f6142ec43d@L6TZKLVDBQ>
2021-04-30T23:57:58.312887	98F309DD7127CC5E	from=<karen.jones@example.com>
2021-04-30T23:57:59.088211	C3539A5D5E9B008B	client=10.234.214.196
2021-04-30T23:57:59.936865	8F20E451D9DF7384	from=<joseph.brown@example.com>
2021-04-30T23:58:00.213983	8CA27E166D811A04	from=<joseph.brown@example.com>
2021-04-30T23:58:01.033279	A24A686EA57A7A93	from=<sarah.davis@example.com>
2021-04-30T23:58:01.792533	8CA27E166D811A04	to=<patricia.jones@example.com>
2021-04-30T23:58:02.555830	DED16E0C784DE602	client=10.234.214.196
2021-04-30T23:58:02.819620	DED16E0C784DE602	message-id=<d29a6b28-78e3-4e7f-bf1e-f075ff7a7268@D5TYFKU0TB>
2021-04-30T23:58:03.768422	BCAF3DD00B1E2D23	client=2001:db8::b94f:54e7:c860
2021-04-30T23:58:04.581806	F9A0FE948CEFF70E	status=sent
2021-04-30T23:58:05.571763	BCAF3DD00B1E2D23	message-id=<e35f18d1-34e9-487f-a82e-3316874f91c1@553ATN2B5U>
2021-04-30T23:58:06.253156	A24A686EA57A7A93	to=<barbara.smith@example.com>
2021-04-30T23:58:07.078388	E1EC2640D903ACF7	client=10.38.217.222
2021-04-30T23:58:07.385537	0D65CD358587F259	status=sent
2021-04-30T23:58:07.496136	20AEF70BE0ED3E92	from=<jessica.jones@example.com>
2021-04-30T23:58:07.995261	BCAF3DD00B1E2D23	from=<patricia.miller@example.com>
2021-04-30T23:58:08.824747	C3539A5D5E9B008B	message-id=<cd2ce898-665c-4ee5-b334-4f281a4dcef3@D5TYFKU0TB>
2021-04-30T23:58:09.173330	E1EC2640D903ACF7	message-id=<a6378ee8-b066-4386-ae58-37af9d9b012c@DWJ5P7E9WS>
2021-04-30T23:58:09.285349	8B5F9A4D21A733AD	client=2001:db8::bce6:45f4:f398
2021-04-30T23:58:10.062155	8CA27E166D811A04	status=sent
2021-04-30T23:58:10.370323	C3539A5D5E9B008B	from=<karen.smith@example.com>
2021-04-30T23:58:10.573307	20AEF70BE0ED3E92	to=<joseph.jones@example.com>
2021-04-30T23:58:11.526259	BCAF3DD00B1E2D23	to=<richard.garcia@example.com>
2021-04-30T23:58:12.422026	C3539A5D5E9B008B	to=<richard.garcia@example.com>
2021-04-30T23:58:13.042880	C3539A5D5E9B008B	status=sent
2021-04-30T23:58:13.220739	0277A1D9CB5CC172	message-id=<4977b6e0-6b06-4ad6-8612-59f37f7d237b@OL891WFDIF>
2021-04-30T23:58:13.827266	8F20E451D9DF7384	to=<barbara.rodriguez@example.com>
2021-04-30T23:58:14.622658	E0C23C3EF343BA49	client=2001:db8::6d84:1d88:ce16
2021-04-30T23:58:14.882130	8B5F9A4D21A733AD	message-id=<017ce843-a6ad-426c-a3ff-1111bac5c233@553ATN2B5U>
2021-04-30T23:58:14.949438	DED16E0C784DE602	from=<karen.smith@example.com>
2021-04-30T23:58:15.546693	BCAF3DD00B1E2D23	status=sent
2021-04-30T23:58:16.356244	E1EC2640D903ACF7	from=<jessica.brown@example.com>
2021-04-30T23:58:17.173723	F746BBD2BDDD8008	client=10.234.214.196
2021-04-30T23:58:17.778239	0277A1D9CB5CC172	from=<robert.rodriguez@example.com>
2021-04-30T23:58:18.731274	F746BBD2BDDD8008	message-id=<3b3caeec-69ed-4315-87e4-d9d89f4d6763@FV920IE9NT>
2021-04-30T23:58:18.866615	DED16E0C784DE602	to=<sarah.davis@example.com>
2021-04-30T23:58:19.234813	20AEF70BE0ED3E92	status=sent
2021-04-30T23:58:19.711529	98F309DD7127CC5E	to=<mary.williams@example.com>
2021-04-30T23:58:19.747134	98F309DD7127CC5E	status=sent
2021-04-30T23:58:20.238106	0277A1D9CB5CC172	to=<william.davis@example.com>
2021-04-30T23:58:20.501000	A24A686EA57A7A93	status=sent
2021-04-30T23:58:21.082089	8F20E451D9DF7384	status=sent
2021-04-30T23:58:21.606155	FC00F90088964B0E	client=2001:db8::cff1:17b0:b576
2021-04-30T23:58:22.212609	F5BB021503191845	client=2001:db8::8f75:20e2:c47f
2021-04-30T23:58:22.321841	DB8D49ED74C358EB	client=10.7.201.222
2021-04-30T23:58:22.357119	8B5F9A4D21A733AD	from=<patricia.miller@example.com>
2021-04-30T23:58:23.130607	FC00F90088964B0E	message-id=<e4fd2dc9-7ca1-44c4-911e-0b4997c8c803@DOBB196HJF>
2021-04-30T23:58:23.658349	FC00F90088964B0E	from=<joseph.brown@example.com>
2021-04-30T23:58:24.510214	8B5F9A4D21A733AD	to=<elizabeth.brown@example.com>
2021-04-30T23:58:25.496180	E0C23C3EF343BA49	message-id=<b5fd0552-8871-4791-a118-d6e7fc4ab657@U3JOMR97OK>
2021-04-30T23:58:25.505342	DB8D49ED74C358EB	message-id=<5afff56e-9c55-4c4d-acad-f1eab78201ed@DOBB196HJF>
2021-04-30T23:58:26.173907	E1EC2640D903ACF7	to=<karen.jones@example.com>
2021-04-30T23:58:26.367685	F746BBD2BDDD8008	from=<susan.smith@example.com>
2021-04-30T23:58:26.520651	E0C23C3EF343BA49	from=<sarah.smith@example.com>
2021-04-30T23:58:26.935650	F746BBD2BDDD8008	to=<david.johnson@example.com>
2021-04-30T23:58:27.282275	DB8D49ED74C358EB	from=<joseph.brown@example.com>
2021-04-30T23:58:27.965278	45373D95358476EB	client=2001:db8::4b89:9e50:3676
2021-04-30T23:58:28.387595	86B4BAB96738FD6A	client=10.126.175.88
2021-04-30T23:58:29.261424	E0C23C3EF343BA49	to=<sarah.davis@example.com>
2021-04-30T23:58:30.241448	FC00F90088964B0E	to=<richard.garcia@example.com>
2021-04-30T23:58:30.459409	8B5F9A4D21A733AD	status=sent
2021-04-30T23:58:31.108764	0277A1D9CB5CC172	status=sent
2021-04-30T23:58:31.557764	FC00F90088964B0E	status=rejected
2021-04-30T23:58:31.756404	DB8D49ED74C358EB	to=<elizabeth.brown@example.com>
2021-04-30T23:58:31.825673	F5BB021503191845	message-id=<3a261f0c-75d0-4ca3-9a1b-7aeddfa2f462@DOBB196HJF>
2021-04-30T23:58:32.361451	7812431D30CF0943	client=10.16.38.41
2021-04-30T23:58:32.601750	E1EC2640D903ACF7	status=sent
2021-04-30T23:58:33.407567	F5BB021503191845	from=<joseph.brown@example.com>
2021-04-30T23:58:34.029156	7812431D30CF0943	message-id=<63ff88bd-a715-4e72-bd5c-31aac34933d0@HYNR6KSQJE>
2021-04-30T23:58:34.894176	F5BB021503191845	to=<sarah.davis@example.com>
2021-04-30T23:58:34.934609	DED16E0C784DE602	status=sent
2021-04-30T23:58:35.839361	E0C23C3EF343BA49	status=sent
2021-04-30T23:58:36.346883	F5BB021503191845	status=rejected
2021-04-30T23:58:36.469934	DB8D49ED74C358EB	status=sent
2021-04-30T23:58:37.145744	4995541C24C43214	client=10.52.41.44
2021-04-30T23:58:37.696791	8E8059354B049564	client=10.172.59.97
2021-04-30T23:58:38.479504	45373D95358476EB	message-id=<33607ce4-7151-4f6d-8afe-d7a546ce2eb5@KR0CZMQYOL>
2021-04-30T23:58:39.239667	4995541C24C43214	message-id=<d2a6069e-139b-4cd9-9d87-2a06fc3fc9b0@KR0CZMQYOL>
2021-04-30T23:58:39.248227	8501CDD52ABA8E72	client=10.234.214.196
2021-04-30T23:58:39.759324	4995541C24C43214	from=<joseph.jones@example.com>
2021-04-30T23:58:40.501998	45373D95358476EB	from=<joseph.jones@example.com>
2021-04-30T23:58:40.695722	10E216E9229EA181	client=10.16.38.41
2021-04-30T23:58:40.887667	8501CDD52ABA8E72	message-id=<edc5bc6e-5eac-459d-9167-b64f7834a6d4@FV920IE9NT>
2021-04-30T23:58:41.031541	7812431D30CF0943	from=<mary.miller@example.com>
2021-04-30T23:58:41.950128	59BAE875519B42ED	client=2001:db8::8f75:20e2:c47f
2021-04-30T23:58:42.607059	5FF037072AA14DBD	client=2001:db8::157:f5f:b9f5
2021-04-30T23:58:43.457772	7812431D30CF0943	to=<michael.rodriguez@example.com>
2021-04-30T23:58:43.780074	8501CDD52ABA8E72	from=<susan.smith@example.com>
2021-04-30T23:58:44.513497	7812431D30CF0943	status=sent
2021-04-30T23:58:44.903064	10E216E9229EA181	message-id=<a52ef09f-857f-42c9-8ee1-178e3866adc1@AWASKZS8HT>
2021-04-30T23:58:45.764796	16D318D9A2280F39	client=2001:db8::157:f5f:b9f5
2021-04-30T23:58:46.054538	8E8059354B049564	message-id=<2445e420-8526-413d-bd3a-6e394b8ad3fc@G59ZPV879A>
2021-04-30T23:58:46.633579	59BAE875519B42ED	message-id=<d52066c8-ffc1-4803-afd9-d6508402ce22@GCKKF1FJXJ>
2021-04-30T23:58:46.758586	4995541C24C43214	to=<sarah.smith@example.com>
2021-04-30T23:58:47.606561	45373D95358476EB	to=<mary.miller@example.com>
2021-04-30T23:58:48.398157	86B4BAB96738FD6A	message-id=<742d37b6-aa9b-4c9c-b417-5fe3f3ec079c@U83K85L7HK>
2021-04-30T23:58:48.771482	F746BBD2BDDD8008	status=sent
2021-04-30T23:58:49.643372	8E8059354B049564	from=<barbara.smith@example.com>
2021-04-30T23:58:50.304659	10E216E9229EA181	from=<jennifer.johnson@example.com>
2021-04-30T23:58:50.867031	4995541C24C43214	status=sent
2021-04-30T23:58:51.137159	10E216E9229EA181	to=<susan.smith@example.com>
2021-04-30T23:58:51.479565	10E216E9229EA181	status=rejected
2021-04-30T23:58:52.395960	8501CDD52ABA8E72	to=<karen.jones@example.com>
2021-04-30T23:58:53.156900	16D318D9A2280F39	message-id=<21283576-38ff-4675-ac8d-de6be21d0af6@Q93MH8G0LK>
2021-04-30T23:58:53.778845	31B6B6D594AACFA1	client=10.126.175.88
2021-04-30T23:58:54.293504	8501CDD52ABA8E72	status=sent
2021-04-30T23:58:54.555827	12AEB185E567D0D0	client=2001:db8::cff1:17b0:b576
2021-04-30T23:58:54.808385	60046E8A4AE0AF7F	client=2001:db8::cff1:17b0:b576
2021-04-30T23:58:55.381779	CC51F5EFB2848298	client=2001:db8::7bbb:6743:c8c5
2021-04-30T23:58:55.547143	CC51F5EFB2848298	message-id=<b37365e6-cce8-45ec-b6e5-68bb6b6dbf83@KR0CZMQYOL>
2021-04-30T23:58:56.265305	ED9AF1164B6E66A1	client=10.16.38.41
2021-04-30T23:58:56.951551	5FF037072AA14DBD	message-id=<cd30077d-c2ef-44a8-8d59-bc31084f0057@Q93MH8G0LK>
2021-04-30T23:58:57.186732	8E8059354B049564	to=<mary.davis@example.com>
2021-04-30T23:58:57.232023	CC51F5EFB2848298	from=<joseph.jones@example.com>
2021-04-30T23:58:57.308179	16D318D9A2280F39	from=<james.rodriguez@example.com>
2021-04-30T23:58:57.601529	5FF037072AA14DBD	from=<james.rodriguez@example.com>
2021-04-30T23:58:57.992904	60046E8A4AE0AF7F	message-id=<75127a1f-7a52-415a-8a76-609972a0b4b7@7NJNT8UFRE>
2021-04-30T23:58:58.214030	45373D95358476EB	status=sent
2021-04-30T23:58:59.049666	ED9AF1164B6E66A1	message-id=<b532ef02-4fc7-4360-b66a-098673dee505@FFJ6FNVCKS>
2021-04-30T23:58:59.370408	59BAE875519B42ED	from=<michael.rodriguez@example.com>
2021-04-30T23:58:59.373923	5FF037072AA14DBD	to=<karen.smith@example.com>
2021-04-30T23:58:59.837774	60046E8A4AE0AF7F	from=<patricia.jones@example.com>
2021-04-30T23:59:00.821690	86B4BAB96738FD6A	from=<michael.brown@example.com>
2021-04-30T23:59:01.055135	12AEB185E567D0D0	message-id=<1f82f6eb-ff38-4995-aa00-f1962972b7dd@SVLCC616UF>
2021-04-30T23:59:01.834096	8E8059354B049564	status=sent
2021-04-30T23:59:01.945239	86B4BAB96738FD6A	to=<thomas.williams@example.com>
2021-04-30T23:59:02.375266	5FF037072AA14DBD	status=sent
2021-04-30T23:59:02.649143	31B6B6D594AACFA1	message-id=<08b03a1a-67ad-4f53-b54a-c61a64731701@VYZ2HL0GF2>
2021-04-30T23:59:03.513839	95F18F6E2A3F7EA6	client=10.38.239.99
2021-04-30T23:59:03.825603	95F18F6E2A3F7EA6	message-id=<e8e07bac-03f8-4a59-991a-81bfc14f0069@4P8DVNALG2>
2021-04-30T23:59:04.196285	16D318D9A2280F39	to=<john.smith@example.com>
2021-04-30T23:59:04.914094	12AEB185E567D0D0	from=<joseph.smith@example.com>
2021-04-30T23:59:05.653381	31B6B6D594AACFA1	from=<david.jones@example.com>
2021-04-30T23:59:05.899058	95F18F6E2A3F7EA6	from=<patricia.garcia@example.com>
2021-04-30T23:59:06.647117	CC51F5EFB2848298	to=<john.smith@example.com>
2021-04-30T23:59:06.929727	12AEB185E567D0D0	to=<william.johnson@example.com>
2021-04-30T23:59:07.839557	95F18F6E2A3F7EA6	to=<william.johnson@example.com>
2021-04-30T23:59:08.007108	95F18F6E2A3F7EA6	status=sent
2021-04-30T23:59:08.821310	ED9AF1164B6E66A1	from=<jessica.jones@example.com>
2021-04-30T23:59:08.844870	B2BF5F3D70961740	client=10.38.217.222
2021-04-30T23:59:08.913177	16D318D9A2280F39	status=sent
2021-04-30T23:59:09.696010	ED9AF1164B6E66A1	to=<jessica.brown@example.com>
2021-04-30T23:59:10.367872	59BAE875519B42ED	to=<david.jones@example.com>
2021-04-30T23:59:11.089904	F8C945F4C68637E4	client=10.38.239.99
2021-04-30T23:59:11.232956	F8C945F4C68637E4	message-id=<048042bf-d7f9-449c-be11-075032e0fae3@7NJNT8UFRE>
2021-04-30T23:59:11.960173	31B6B6D594AACFA1	to=<joseph.brown@example.com>
2021-04-30T23:59:12.231671	31B6B6D594AACFA1	status=sent
2021-04-30T23:59:13.152847	CC51F5EFB2848298	status=sent
2021-04-30T23:59:13.861043	ED9AF1164B6E66A1	status=sent
2021-04-30T23:59:14.079726	C283E406BB2DD8C4	client=2001:db8::cff1:17b0:b576
2021-04-30T23:59:14.080772	F175053939143C1A	client=2001:db8::8f75:20e2:c47f
2021-04-30T23:59:15.066186	C283E406BB2DD8C4	message-id=<10f6d8ca-95bc-4400-bfb5-4c9dc4d58f3e@I3XJQ6HJBU>
2021-04-30T23:59:15.412611	C146544B2E3A1680	client=10.38.239.99
2021-04-30T23:59:15.986789	C146544B2E3A1680	message-id=<e7771492-ec3c-43d0-a3c9-c0368679efa8@30Q7E75V7B>
2021-04-30T23:59:16.151821	C146544B2E3A1680	from=<barbara.rodriguez@example.com>
2021-04-30T23:59:16.543646	59BAE875519B42ED	status=sent
2021-04-30T23:59:17.362840	B2BF5F3D70961740	message-id=<c817abcd-5297-43f8-beff-effd5ff3ff39@FFJ6FNVCKS>
2021-04-30T23:59:17.398541	B2BF5F3D70961740	from=<jessica.jones@example.com>
2021-04-30T23:59:17.553842	4A8B45895C76983C	client=2001:db8::4b89:9e50:3676
2021-04-30T23:59:18.412374	C146544B2E3A1680	to=<mary.davis@example.com>
2021-04-30T23:59:18.595452	4A8B45895C76983C	message-id=<df4f536a-a3e4-4b8d-b8ac-15171c2047da@2PPZOR2ULU>
2021-04-30T23:59:18.730176	C283E406BB2DD8C4	from=<linda.johnson@example.com>
2021-04-30T23:59:19.167060	C283E406BB2DD8C4	to=<jennifer.garcia@example.com>
2021-04-30T23:59:19.601452	C283E406BB2DD8C4	status=sent
2021-04-30T23:59:20.549232	60046E8A4AE0AF7F	to=<barbara.rodriguez@example.com>
2021-04-30T23:59:21.440740	F8C945F4C68637E4	from=<patricia.jones@example.com>
2021-04-30T23:59:22.127243	F1681DA20F27D280	client=10.234.214.196
2021-04-30T23:59:22.756393	60046E8A4AE0AF7F	status=sent
2021-04-30T23:59:23.263173	12AEB185E567D0D0	status=sent
2021-04-30T23:59:23.836857	C146544B2E3A1680	status=sent
2021-04-30T23:59:24.024756	4A8B45895C76983C	from=<william.smith@example.com>
2021-04-30T23:59:24.993417	DDC9D1B11FC56242	client=10.227.52.164
2021-04-30T23:59:25.805868	4A8B45895C76983C	to=<william.davis@example.com>
2021-04-30T23:59:25.870384	BF1C436C2153C55D	client=10.126.175.88
2021-04-30T23:59:26.131784	B2BF5F3D70961740	to=<mary.williams@example.com>
2021-04-30T23:59:26.858547	4A8B45895C76983C	status=sent
2021-04-30T23:59:27.715637	F8C945F4C68637E4	to=<patricia.garcia@example.com>
2021-04-30T23:59:28.562797	BF1C436C2153C55D	message-id=<cfa0ec6d-0666-455c-94b0-b93b89251c01@G8WCO44AJS>
2021-04-30T23:59:29.451532	7ACA6EA7617B7213	client=10.234.214.196
2021-04-30T23:59:29.545756	B2BF5F3D70961740	status=sent
2021-04-30T23:59:30.189287	DDC9D1B11FC56242	message-id=<9d3f81fe-aa8a-4654-b857-8e9ba0489d99@FFJ6FNVCKS>
2021-04-30T23:59:31.134214	86B4BAB96738FD6A	status=sent
2021-04-30T23:59:31.436228	F175053939143C1A	message-id=<cb0160c7-4255-468c-973a-253731cda315@SVLCC616UF>
2021-04-30T23:59:31.534373	BF1C436C2153C55D	from=<william.johnson@example.com>
2021-04-30T23:59:31.757933	F1A3A38787AEFB94	client=10.16.38.41
2021-04-30T23:59:32.690763	F15E9879A4948CC9	client=2001:db8::8f75:20e2:c47f
2021-04-30T23:59:33.197427	F1681DA20F27D280	message-id=<579dc723-73c0-4368-ad8d-1ac336bb6055@Q93MH8G0LK>
2021-04-30T23:59:33.270272	219CA385E396F597	client=10.126.175.88
2021-04-30T23:59:34.091074	F1681DA20F27D280	from=<james.rodriguez@example.com>
2021-04-30T23:59:34.431728	F175053939143C1A	from=<joseph.smith@example.com>
2021-04-30T23:59:34.618989	752515E6F3E791F9	client=10.234.214.196
2021-04-30T23:59:35.322322	219CA385E396F597	message-id=<fc315616-af77-45ac-bb9d-d4ecfcc261ad@56WZW5K1C2>
2021-04-30T23:59:35.989001	752515E6F3E791F9	message-id=<e1f12c81-4025-4f7f-a0b1-f430f20deb92@XM60Y0TO2U>
2021-04-30T23:59:36.274798	F1681DA20F27D280	to=<richard.garcia@example.com>
2021-04-30T23:59:36.439347	F8C945F4C68637E4	status=sent
2021-04-30T23:59:36.607488	F1A3A38787AEFB94	message-id=<bf7b369e-08aa-466e-bb0e-5a00882b8a01@4P8DVNALG2>
2021-04-30T23:59:37.084299	F175053939143C1A	to=<joseph.smith@example.com>
2021-04-30T23:59:37.240805	F15E9879A4948CC9	message-id=<e3ea24bc-2a30-4e15-8fef-939c17672207@FV920IE9NT>
2021-04-30T23:59:37.857868	48F9AAA734ACEAF8	client=10.38.239.99
2021-04-30T23:59:38.377328	752515E6F3E791F9	from=<john.smith@example.com>
2021-04-30T23:59:38.948048	BF1C436C2153C55D	to=<mary.davis@example.com>
2021-04-30T23:59:38.955546	219CA385E396F597	from=<linda.smith@example.com>
2021-04-30T23:59:39.316409	752515E6F3E791F9	to=<thomas.williams@example.com>
2021-04-30T23:59:40.257450	BF1C436C2153C55D	status=sent
2021-04-30T23:59:41.130129	F175053939143C1A	status=rejected
2021-04-30T23:59:41.617975	F1A3A38787AEFB94	from=<patricia.garcia@example.com>
2021-04-30T23:59:41.725331	DDC9D1B11FC56242	from=<jessica.jones@example.com>
2021-04-30T23:59:42.250752	752515E6F3E791F9	status=sent
2021-04-30T23:59:42.543168	4B304953556BA010	client=10.52.41.44
2021-04-30T23:59:43.379786	7ACA6EA7617B7213	message-id=<4ee8b22e-bfd6-485e-8400-084462073003@7NJNT8UFRE>
2021-04-30T23:59:44.085887	B25DCE66CF7BC2E5	client=2001:db8::b94f:54e7:c860
2021-04-30T23:59:44.958692	DDC9D1B11FC56242	to=<william.smith@example.com>
2021-04-30T23:59:45.905688	48F9AAA734ACEAF8	message-id=<e17c40d0-b761-4a4b-8aed-15ba8fba3191@I3XJQ6HJBU>
2021-04-30T23:59:46.460529	B61F1E61FF4DBAD4	client=10.234.214.196
2021-04-30T23:59:47.117864	F1681DA20F27D280	status=sent
2021-04-30T23:59:48.091306	48F9AAA734ACEAF8	from=<linda.johnson@example.com>
2021-04-30T23:59:48.778152	DDC9D1B11FC56242	status=sent
2021-04-30T23:59:48.889320	B61F1E61FF4DBAD4	message-id=<3455ae54-44c5-4cc7-8b5a-b8759c861983@FOWY19NEKM>
2021-04-30T23:59:49.833825	F1A3A38787AEFB94	to=<william.davis@example.com>
2021-04-30T23:59:49.881375	B25DCE66CF7BC2E5	message-id=<5da66325-bdef-4006-906a-98fc5ceda808@30Q7E75V7B>
2021-04-30T23:59:50.695051	F1A3A38787AEFB94	status=sent
2021-04-30T23:59:51.062118	60E4757CF081D98F	client=2001:db8::7bbb:6743:c8c5
2021-04-30T23:59:51.370329	60E4757CF081D98F	message-id=<e86fbea0-3cd1-480d-82e8-6b32dcdc262d@2PPZOR2ULU>
2021-04-30T23:59:52.145239	48F9AAA734ACEAF8	to=<jennifer.johnson@example.com>
2021-04-30T23:59:52.163377	B61F1E61FF4DBAD4	from=<jennifer.garcia@example.com>
2021-04-30T23:59:52.790630	B25DCE66CF7BC2E5	from=<barbara.rodriguez@example.com>
2021-04-30T23:59:52.890080	219CA385E396F597	to=<joseph.brown@example.com>
2021-04-30T23:59:53.605165	ABFB2D37B6E76993	client=10.38.217.222
2021-04-30T23:59:53.693965	60E4757CF081D98F	from=<william.smith@example.com>
2021-04-30T23:59:54.526411	5E14B105B9E08E46	client=10.38.239.99
2021-04-30T23:59:54.537696	5E14B105B9E08E46	message-id=<2d9b4632-3486-4c8f-a57f-663d8338e3ee@OL891WFDIF>
2021-04-30T23:59:54.654754	01D68681521E12F5	client=2001:db8::7bbb:6743:c8c5
2021-04-30T23:59:55.555382	01D68681521E12F5	message-id=<aa23d46c-c1a5-4726-b2e0-5c2d721eda49@AWD0BPDKXK>
2021-04-30T23:59:55.841290	F15E9879A4948CC9	from=<susan.smith@example.com>
2021-04-30T23:59:56.210632	01D68681521E12F5	from=<jennifer.miller@example.com>
2021-04-30T23:59:56.572801	01D68681521E12F5	to=<robert.rodriguez@example.com>
2021-04-30T23:59:57.058845	4B304953556BA010	message-id=<10c398b0-3bd7-417a-8b75-9e85564d21ef@D5TYFKU0TB>
2021-04-30T23:59:58.018196	48F9AAA734ACEAF8	status=sent
2021-04-30T23:59:58.574561	7ACA6EA7617B7213	from=<patricia.jones@example.com>
2021-04-30T23:59:58.972197	5E14B105B9E08E46	from=<robert.rodriguez@example.com>
2021-04-30T23:59:59.568189	2EC7F650DE9118A2	client=10.2.38.215
2021-04-30T23:59:59.903234	F15E9879A4948CC9	to=<patricia.miller@example.com>
2021-05-01T00:00:00.247551	B25DCE66CF7BC2E5	to=<john.smith@example.com>
2021-05-01T00:00:00.622297	ABFB2D37B6E76993	message-id=<781c7770-39af-49e6-91c8-44c212501f9c@Q93MH8G0LK>
2021-05-01T00:00:01.273350	4B304953556BA010	from=<karen.smith@example.com>
2021-05-01T00:00:02.016993	4B304953556BA010	to=<jennifer.johnson@example.com>
2021-05-01T00:00:02.663795	B61F1E61FF4DBAD4	to=<thomas.wilson@example.com>
2021-05-01T00:00:02.761436	2EC7F650DE9118A2	message-id=<5080eb11-0375-4d15-a6c4-ab55b0c6579e@FV920IE9NT>
2021-05-01T00:00:03.359155	60E4757CF081D98F	to=<jessica.jones@example.com>
2021-05-01T00:00:04.139242	7ACA6EA7617B7213	to=<david.johnson@example.com>
2021-05-01T00:00:05.056823	2EC7F650DE9118A2	from=<susan.smith@example.com>
2021-05-01T00:00:05.654702	ABFB2D37B6E76993	from=<james.rodriguez@example.com>
2021-05-01T00:00:05.685169	ABFB2D37B6E76993	to=<karen.jones@example.com>
2021-05-01T00:00:05.922407	2EC7F650DE9118A2	to=<jennifer.garcia@example.com>
2021-05-01T00:00:06.341861	5E14B105B9E08E46	to=<patricia.miller@example.com>
2021-05-01T00:00:07.053732	4B304953556BA010	status=sent
2021-05-01T00:00:07.209895	7ACA6EA7617B7213	status=sent
2021-05-01T00:00:08.108993	01D68681521E12F5	status=sent
2021-05-01T00:00:09.096999	ABFB2D37B6E76993	status=sent
2021-05-01T00:00:09.471746	219CA385E396F597	status=sent
2021-05-01T00:00:10.019594	F15E9879A4948CC9	status=sent
2021-05-01T00:00:10.285292	A316F83D82FDCB5B	client=2001:db8::cff1:17b0:b576
2021-05-01T00:00:11.024005	B6FB0A9EA696EFF5	client=2001:db8::7bbb:6743:c8c5
2021-05-01T00:00:11.456318	B61F1E61FF4DBAD4	status=sent
2021-05-01T00:00:12.427042	793C01C18F5A9FEA	client=10.38.217.222
2021-05-01T00:00:12.503877	FD5E01D882A701F8	client=10.234.214.196
2021-05-01T00:00:13.401853	A316F83D82FDCB5B	message-id=<57945df7-5ab7-4126-b134-cfd7509c5f82@HYNR6KSQJE>
2021-05-01T00:00:14.166461	FD5E01D882A701F8	message-id=<47ae338c-318b-43cd-8116-cf866cc5a895@FV920IE9NT>
2021-05-01T00:00:14.580526	B6FB0A9EA696EFF5	message-id=<9dbb4af2-001b-4ada-b1f2-363b6949979c@OTYESS0TGT>
2021-05-01T00:00:14.847888	60E4757CF081D98F	status=sent
2021-05-01T00:00:15.034397	B6FB0A9EA696EFF5	from=<william.davis@example.com>
2021-05-01T00:00:15.111302	5E14B105B9E08E46	status=sent
2021-05-01T00:00:15.241840	5E01F514C874D406	client=2001:db8::6d84:1d88:ce16
2021-05-01T00:00:15.648060	92B491EEAE1E11B9	client=2001:db8::157:f5f:b9f5
2021-05-01T00:00:16.223656	5E01F514C874D406	message-id=<7e431688-b982-4e8e-8f80-745850a35b99@AWD0BPDKXK>
2021-05-01T00:00:16.452431	5E01F514C874D406	from=<jennifer.miller@example.com>
2021-05-01T00:00:17.286049	793C01C18F5A9FEA	message-id=<15655cda-5fb4-46d5-92bc-ffcbd37fe5f9@U83K85L7HK>
2021-05-01T00:00:17.657854	B25DCE66CF7BC2E5	status=sent
2021-05-01T00:00:18.090007	2949A018ED59C969	client=10.234.214.196
2021-05-01T00:00:18.278591	B6FB0A9EA696EFF5	to=<david.jones@example.com>
2021-05-01T00:00:18.422007	793C01C18F5A9FEA	from=<michael.brown@example.com>
2021-05-01T00:00:18.967462	A316F83D82FDCB5B	from=<mary.miller@example.com>
2021-05-01T00:00:19.541184	5E01F514C874D406	to=<james.rodriguez@example.com>
2021-05-01T00:00:19.990115	A316F83D82FDCB5B	to=<joseph.smith@example.com>
2021-05-01T00:00:20.648920	FD5E01D882A701F8	from=<susan.smith@example.com>
2021-05-01T00:00:21.498253	96971ADDC7C55538	client=2001:db8::bce6:45f4:f398
2021-05-01T00:00:21.547735	5E01F514C874D406	status=sent
2021-05-01T00:00:22.486902	A316F83D82FDCB5B	status=sent
2021-05-01T00:00:23.290459	D8C41247ACD55CA2	client=10.234.214.196
2021-05-01T00:00:23.290462	96971ADDC7C55538	message-id=<6db0549d-55bc-4822-9c1b-92291adf0780@9F2MH41UHD>
2021-05-01T00:00:23.889426	2949A018ED59C969	message-id=<257b8aa5-06b1-4932-8865-f0324b614adf@Q93MH8G0LK>
2021-05-01T00:00:24.540778	A5E158B43B4C1A6F	client=2001:db8::7bbb:6743:c8c5
2021-05-01T00:00:25.481108	DB9D12E0CA01ED40	client=10.126.175.88
2021-05-01T00:00:26.395787	B6FB0A9EA696EFF5	status=sent
2021-05-01T00:00:26.701928	A5E158B43B4C1A6F	message-id=<d3eb8a58-1b52-4fba-aecf-b1723f549f9f@IUZAJ2KVCD>
2021-05-01T00:00:27.642028	D8C41247ACD55CA2	message-id=<fdf4e4f9-f239-4fb1-93cc-5e57e1a7858c@U3JOMR97OK>
2021-05-01T00:00:27.735254	D8C41247ACD55CA2	from=<sarah.smith@example.com>
2021-05-01T00:00:28.074790	DB9D12E0CA01ED40	message-id=<aec8de02-c8dc-42b0-9774-581413120f61@DOBB196HJF>
2021-05-01T00:00:28.942674	2949A018ED59C969	from=<james.rodriguez@example.com>
2021-05-01T00:00:29.800269	92B491EEAE1E11B9	message-id=<0d084d70-2e15-45bf-9c24-9ca35e3136d7@82AZ76YJPI>
2021-05-01T00:00:30.457342	4535C61FF7F23CC8	client=2001:db8::b94f:54e7:c860
2021-05-01T00:00:31.175157	2949A018ED59C969	to=<jessica.jones@example.com>
2021-05-01T00:00:31.876970	92B491EEAE1E11B9	from=<elizabeth.brown@example.com>
2021-05-01T00:00:32.348922	4535C61FF7F23CC8	message-id=<03f230b5-dcb5-46b8-9759-4bc92d7864d3@9F2MH41UHD>
2021-05-01T00:00:32.632318	FD5E01D882A701F8	to=<barbara.smith@example.com>
2021-05-01T00:00:33.364627	FD5E01D882A701F8	status=sent
2021-05-01T00:00:33.637878	793C01C18F5A9FEA	to=<karen.jones@example.com>
2021-05-01T00:00:33.966513	2EC7F650DE9118A2	status=sent
2021-05-01T00:00:34.913881	36DFC00E073F6A60	client=10.52.41.44
2021-05-01T00:00:35.089566	4535C61FF7F23CC8	from=<charles.jones@example.com>
2021-05-01T00:00:35.252209	96971ADDC7C55538	from=<charles.jones@example.com>
2021-05-01T00:00:35.286701	A5E158B43B4C1A6F	from=<mary.davis@example.com>
2021-05-01T00:00:36.007346	96971ADDC7C55538	to=<patricia.garcia@example.com>
2021-05-01T00:00:36.413146	A5E158B43B4C1A6F	to=<william.johnson@example.com>
2021-05-01T00:00:36.832991	A5E158B43B4C1A6F	status=sent
2021-05-01T00:00:37.374673	2949A018ED59C969	status=sent
2021-05-01T00:00:38.241985	7745F8C761BC2701	client=10.38.217.222
2021-05-01T00:00:38.711755	2E418E4426C3C608	client=2001:db8::cff1:17b0:b576
2021-05-01T00:00:38.718866	2E418E4426C3C608	message-id=<fc82e866-37e2-49f0-8cb0-486e2ab378e8@AWASKZS8HT>
2021-05-01T00:00:39.277017	793C01C18F5A9FEA	status=sent
2021-05-01T00:00:39.680622	E8160A2EFC5F12EA	client=10.2.38.215
2021-05-01T00:00:40.567056	4535C61FF7F23CC8	to=<patricia.miller@example.com>
2021-05-01T00:00:41.157759	2E418E4426C3C608	from=<jennifer.johnson@example.com>
2021-05-01T00:00:41.882314	2E418E4426C3C608	to=<karen.smith@example.com>
2021-05-01T00:00:42.291073	DB9D12E0CA01ED40	from=<joseph.brown@example.com>
2021-05-01T00:00:42.483335	36DFC00E073F6A60	message-id=<fdd8c537-7288-45a2-b302-e631ee074b31@G59ZPV879A>
2021-05-01T00:00:42.491806	2E418E4426C3C608	status=rejected
2021-05-01T00:00:42.884534	1CE73B1EB23B661C	client=2001:db8::6d84:1d88:ce16
2021-05-01T00:00:43.680666	7745F8C761BC2701	message-id=<15b4f39d-a02d-4235-a015-86b7238c2a41@XM60Y0TO2U>
2021-05-01T00:00:43.983943	E8160A2EFC5F12EA	message-id=<4119f4aa-2ae6-406d-961f-e3d260955338@OL891WFDIF>
2021-05-01T00:00:44.414376	DB9D12E0CA01ED40	to=<robert.rodriguez@example.com>
2021-05-01T00:00:45.042878	DB9D12E0CA01ED40	status=sent
2021-05-01T00:00:45.473312	7A61DEB462FF3E52	client=2001:db8::6d84:1d88:ce16
2021-05-01T00:00:45.838914	D8C41247ACD55CA2	to=<joseph.smith@example.com>
2021-05-01T00:00:46.398548	D8C41247ACD55CA2	status=sent
2021-05-01T00:00:47.285055	E8160A2EFC5F12EA	from=<robert.rodriguez@example.com>
2021-05-01T00:00:48.237932	1CE73B1EB23B661C	message-id=<8260b075-772f-4374-aa1b-be7406ee3e6d@D5TYFKU0TB>
2021-05-01T00:00:48.686963	E8160A2EFC5F12EA	to=<jessica.jones@example.com>
2021-05-01T00:00:49.388348	AA072BC651896145	client=2001:db8::bce6:45f4:f398
2021-05-01T00:00:49.586617	36DFC00E073F6A60	from=<barbara.smith@example.com>
2021-05-01T00:00:49.851540	92B491EEAE1E11B9	to=<michael.brown@example.com>
2021-05-01T00:00:50.006781	1CE73B1EB23B661C	from=<karen.smith@example.com>
2021-05-01T00:00:50.357820	92B491EEAE1E11B9	status=sent
2021-05-01T00:00:50.792318	36DFC00E073F6A60	to=<karen.smith@example.com>
2021-05-01T00:00:51.456814	4535C61FF7F23CC8	status=sent
2021-05-01T00:00:52.314695	7745F8C761BC2701	from=<john.smith@example.com>
2021-05-01T00:00:53.011594	36DFC00E073F6A60	status=rejected
2021-05-01T00:00:53.139960	7745F8C761BC2701	to=<joseph.brown@example.com>
2021-05-01T00:00:54.116926	C42EF210E701F2FF	client=10.16.38.41
2021-05-01T00:00:54.405141	0F0ECF7BD831AD60	client=10.7.201.222
2021-05-01T00:00:54.770171	0F0ECF7BD831AD60	message-id=<1b169e3d-804c-45e9-9fdc-a8275f349406@IUZAJ2KVCD>
2021-05-01T00:00:55.497071	C42EF210E701F2FF	message-id=<9a8307c0-b386-417e-9d78-f226769eb27d@OL891WFDIF>
2021-05-01T00:00:56.270858	1CE73B1EB23B661C	to=<thomas.wilson@example.com>
2021-05-01T00:00:56.639158	243424AA1EBD6733	client=10.7.201.222
2021-05-01T00:00:57.164109	19CDEAE3A0E7C6F3	client=2001:db8::c033:cf8:f10e
2021-05-01T00:00:58.078377	7A61DEB462FF3E52	message-id=<e3f59aeb-4ff4-4e68-955a-4cf4ba9024c5@U3JOMR97OK>
2021-05-01T00:00:59.015113	0F0ECF7BD831AD60	from=<mary.davis@example.com>
2021-05-01T00:00:59.199749	AA072BC651896145	message-id=<700e987c-258b-4a68-9270-d0a1b97024d2@FFJ6FNVCKS>
2021-05-01T00:00:59.288974	1CE73B1EB23B661C	status=sent
2021-05-01T00:00:59.816088	E8160A2EFC5F12EA	status=sent
2021-05-01T00:00:59.923739	29145925CC2E3ED0	client=10.52.41.44
2021-05-01T00:01:00.399434	7745F8C761BC2701	status=sent
2021-05-01T00:01:01.196986	7A61DEB462FF3E52	from=<sarah.smith@example.com>
2021-05-01T00:01:01.211597	C42EF210E701F2FF	from=<robert.rodriguez@example.com>
2021-05-01T00:01:01.586675	F4D8689CE22F9DC0	client=2001:db8::51ff:89b3:ee33
2021-05-01T00:01:02.190970	0F0ECF7BD831AD60	to=<william.johnson@example.com>
2021-05-01T00:01:02.509826	29145925CC2E3ED0	message-id=<04cbd661-d122-4fb6-94b0-bf13ab7dba11@L6TZKLVDBQ>
2021-05-01T00:01:03.288439	F4D8689CE22F9DC0	message-id=<a45d2e0f-9f19-44d0-bba4-347f1984fe56@U83K85L7HK>
2021-05-01T00:01:03.443810	7A61DEB462FF3E52	to=<patricia.jones@example.com>
2021-05-01T00:01:04.151405	29145925CC2E3ED0	from=<karen.jones@example.com>
2021-05-01T00:01:04.890442	29145925CC2E3ED0	to=<mary.williams@example.com>
2021-05-01T00:01:05.382168	29145925CC2E3ED0	status=sent
2021-05-01T00:01:06.308597	89673FD24D901B5E	client=10.227.52.164
2021-05-01T00:01:06.892991	AA072BC651896145	from=<jessica.jones@example.com>
2021-05-01T00:01:06.920776	AA072BC651896145	to=<jennifer.miller@example.com>
2021-05-01T00:01:07.489886	F4D8689CE22F9DC0	from=<michael.brown@example.com>
2021-05-01T00:01:08.125024	49B8BAE3D9A30131	client=2001:db8::cff1:17b0:b576
2021-05-01T00:01:08.251800	49B8BAE3D9A30131	message-id=<0e55fffa-de55-4e18-a8e5-97e7642f62d2@VYZ2HL0GF2>
2021-05-01T00:01:08.488667	19CDEAE3A0E7C6F3	message-id=<84a443f1-313f-4d04-9f2f-feb5b764ae04@Q93MH8G0LK>
2021-05-01T00:01:09.116237	AA072BC651896145	status=sent
2021-05-01T00:01:09.422214	803C6DC34C0FF254	client=2001:db8::c033:cf8:f10e
2021-05-01T00:01:09.961286	89673FD24D901B5E	message-id=<aa596999-1c0d-44bc-968f-5bf16baf16ee@HYNR6KSQJE>
2021-05-01T00:01:10.126929	6065698A3114F7DB	client=10.7.201.222
2021-05-01T00:01:10.559015	F4D8689CE22F9DC0	to=<karen.smith@example.com>
2021-05-01T00:01:10.860106	96971ADDC7C55538	status=rejected
2021-05-01T00:01:11.558739	EEF56BED56A6A46E	client=10.16.38.41
2021-05-01T00:01:12.221911	19CDEAE3A0E7C6F3	from=<james.rodriguez@example.com>
2021-05-01T00:01:12.416574	243424AA1EBD6733	message-id=<8281f4ec-eab7-45bd-9d1b-5f0fe4373041@VYZ2HL0GF2>
2021-05-01T00:01:13.396032	F4D8689CE22F9DC0	status=sent
2021-05-01T00:01:14.265045	803C6DC34C0FF254	message-id=<7a19a007-4c41-4c85-9dd1-b17d7e7c5a73@4Q1QAJ0BLI>
2021-05-01T00:01:14.382179	EEF56BED56A6A46E	message-id=<16595a62-d8b7-4ce0-9a99-c0885c10262a@553ATN2B5U>
2021-05-01T00:01:14.707487	49B8BAE3D9A30131	from=<david.jones@example.com>
2021-05-01T00:01:14.962604	6065698A3114F7DB	message-id=<4bca9947-1ef6-414e-adbc-439f5b655fd7@VYZ2HL0GF2>
2021-05-01T00:01:14.981325	EEF56BED56A6A46E	from=<patricia.miller@example.com>
2021-05-01T00:01:15.513765	6065698A3114F7DB	from=<david.jones@example.com>
2021-05-01T00:01:16.085197	243424AA1EBD6733	from=<david.jones@example.com>
2021-05-01T00:01:16.702594	49B8BAE3D9A30131	to=<linda.johnson@example.com>
2021-05-01T00:01:17.471075	243424AA1EBD6733	to=<patricia.jones@example.com>
2021-05-01T00:01:17.831961	C42EF210E701F2FF	to=<patricia.garcia@example.com>
2021-05-01T00:01:17.879681	89673FD24D901B5E	from=<mary.miller@example.com>
2021-05-01T00:01:18.002812	EEF56BED56A6A46E	to=<mary.davis@example.com>
2021-05-01T00:01:18.464159	243424AA1EBD6733	status=sent
2021-05-01T00:01:19.067614	0F0ECF7BD831AD60	status=sent
2021-05-01T00:01:19.632336	8BD3134B2F2EA846	client=2001:db8::157:f5f:b9f5
2021-05-01T00:01:20.106598	6065698A3114F7DB	to=<michael.rodriguez@example.com>
2021-05-01T00:01:20.935392	49B8BAE3D9A30131	status=sent
2021-05-01T00:01:21.167490	6065698A3114F7DB	status=rejected
2021-05-01T00:01:21.579846	052C1646E622268C	client=2001:db8::4b89:9e50:3676
2021-05-01T00:01:21.690241	EEF56BED56A6A46E	status=sent
2021-05-01T00:01:22.566939	052C1646E622268C	message-id=<69b55e57-4678-4b1b-a948-c11837848d40@XM60Y0TO2U>
2021-05-01T00:01:22.640267	14878F6606B2BB3F	client=2001:db8::157:f5f:b9f5
2021-05-01T00:01:22.752978	C42EF210E701F2FF	status=sent
2021-05-01T00:01:23.523400	D46AC336E88482FC	client=2001:db8::bce6:45f4:f398
2021-05-01T00:01:23.710064	C009F396D6CBF3E2	client=2001:db8::b94f:54e7:c860
2021-05-01T00:01:24.460114	8BD3134B2F2EA846	message-id=<c274e8db-64ac-41cc-91c7-34df78176912@SVLCC616UF>
2021-05-01T00:01:24.919042	C009F396D6CBF3E2	message-id=<1a890187-a08c-4062-a1ba-2d75f037cb2a@U83K85L7HK>
2021-05-01T00:01:25.385794	19CDEAE3A0E7C6F3	to=<joseph.brown@example.com>
2021-05-01T00:01:25.777667	14878F6606B2BB3F	message-id=<4cd8c8a7-4121-49de-8419-5a9cc56c688a@L6TZKLVDBQ>
2021-05-01T00:01:26.502036	89673FD24D901B5E	to=<linda.smith@example.com>
2021-05-01T00:01:27.291674	C7185A8C7C342BE6	client=10.38.217.222
2021-05-01T00:01:27.929599	7A61DEB462FF3E52	status=sent
2021-05-01T00:01:28.799285	C7185A8C7C342BE6	message-id=<397a6ebd-db99-40f1-a951-f6762bd8e0f0@4Q1QAJ0BLI>
2021-05-01T00:01:29.727664	D46AC336E88482FC	message-id=<8a1e78a5-d7d3-4097-afe2-c003203ce5a0@XM60Y0TO2U>
2021-05-01T00:01:30.377717	14878F6606B2BB3F	from=<karen.jones@example.com>
2021-05-01T00:01:30.713136	8BD3134B2F2EA846	from=<joseph.smith@example.com>
2021-05-01T00:01:31.257840	803C6DC34C0FF254	from=<thomas.williams@example.com>
2021-05-01T00:01:32.186709	678FE23C8C016030	client=10.2.38.215
2021-05-01T00:01:32.578898	14878F6606B2BB3F	to=<mary.williams@example.com>
2021-05-01T00:01:32.650816	19CDEAE3A0E7C6F3	status=sent
2021-05-01T00:01:33.110244	D46AC336E88482FC	from=<john.smith@example.com>
2021-05-01T00:01:33.192759	C4FA90E73003EC9B	client=10.16.38.41
2021-05-01T00:01:33.972129	732367790AC8B5D7	client=2001:db8::157:f5f:b9f5
2021-05-01T00:01:34.859246	803C6DC34C0FF254	to=<mary.miller@example.com>
2021-05-01T00:01:35.260868	732367790AC8B5D7	message-id=<4dd3dbe8-cf12-4079-b579-40cb3e13014c@2PPZOR2ULU>
2021-05-01T00:01:35.676405	052C1646E622268C	from=<john.smith@example.com>
2021-05-01T00:01:36.497506	732367790AC8B5D7	from=<william.smith@example.com>
2021-05-01T00:01:37.478667	89673FD24D901B5E	status=sent
2021-05-01T00:01:37.826051	C4FA90E73003EC9B	message-id=<f311102a-5d16-4f1e-a31c-c099b526cfc2@EZB7E1SC4K>
2021-05-01T00:01:38.453743	678FE23C8C016030	message-id=<bb5686d0-177e-466e-84a9-86332e40ea76@G8WCO44AJS>
2021-05-01T00:01:39.274704	14878F6606B2BB3F	status=sent
2021-05-01T00:01:39.641437	678FE23C8C016030	from=<william.johnson@example.com>
2021-05-01T00:01:40.166058	CCE5395D303AE873	client=2001:db8::8f75:20e2:c47f
2021-05-01T00:01:40.417854	678FE23C8C016030	to=<charles.jones@example.com>
2021-05-01T00:01:41.067670	C009F396D6CBF3E2	from=<michael.brown@example.com>
2021-05-01T00:01:41.538745	052C1646E622268C	to=<patricia.miller@example.com>
2021-05-01T00:01:42.059213	8BD3134B2F2EA846	to=<joseph.smith@example.com>
2021-05-01T00:01:42.467511	803C6DC34C0FF254	status=sent
2021-05-01T00:01:42.915288	D46AC336E88482FC	to=<richard.garcia@example.com>
2021-05-01T00:01:43.316802	C4FA90E73003EC9B	from=<thomas.wilson@example.com>
2021-05-01T00:01:43.994884	3E7B886929C0FA67	client=10.16.38.41
2021-05-01T00:01:44.214405	052C1646E622268C	status=sent
2021-05-01T00:01:44.404607	678FE23C8C016030	status=sent
2021-05-01T00:01:45.235009	C7185A8C7C342BE6	from=<thomas.williams@example.com>
2021-05-01T00:01:45.393876	732367790AC8B5D7	to=<karen.smith@example.com>
2021-05-01T00:01:46.209523	CCE5395D303AE873	message-id=<54d93db8-a2b4-423e-a230-ea6dc3fd1a0c@L6TZKLVDBQ>
2021-05-01T00:01:46.673092	732367790AC8B5D7	status=sent
2021-05-01T00:01:46.734549	029A92D19FDBE553	client=10.227.52.164
2021-05-01T00:01:47.491911	CCE5395D303AE873	from=<karen.jones@example.com>
2021-05-01T00:01:47.761613	C7185A8C7C342BE6	to=<thomas.wilson@example.com>
2021-05-01T00:01:48.506335	FE63231060D6D14F	client=10.38.217.222
2021-05-01T00:01:48.637587	FE63231060D6D14F	message-id=<4b0ef614-c8f6-4835-9de8-65c08686a5d4@KR0CZMQYOL>
2021-05-01T00:01:49.622011	3C6BA04E04739312	client=10.52.41.44
2021-05-01T00:01:50.072422	3E7B886929C0FA67	message-id=<e5869a7c-1c01-4bd5-b0e7-4432288bdfdb@OL891WFDIF>
2021-05-01T00:01:50.743007	8BD3134B2F2EA846	status=sent
2021-05-01T00:01:51.372726	3C6BA04E04739312	message-id=<935c02d4-7555-4472-8765-dccf984f7685@U83K85L7HK>
2021-05-01T00:01:52.242807	FE63231060D6D14F	from=<joseph.jones@example.com>
2021-05-01T00:01:52.542234	3C6BA04E04739312	from=<michael.brown@example.com>
2021-05-01T00:01:52.567493	54F177494550E6C7	client=10.2.38.215
2021-05-01T00:01:52.858316	C7185A8C7C342BE6	status=sent
2021-05-01T00:01:53.607661	029A92D19FDBE553	message-id=<c990e46b-9eb5-4521-a6ef-0cf7a216cf4f@AWASKZS8HT>
2021-05-01T00:01:54.077908	42C49F74E261B6D5	client=10.38.239.99
2021-05-01T00:01:54.931347	3C6BA04E04739312	to=<william.davis@example.com>
2021-05-01T00:01:55.256361	D46AC336E88482FC	status=sent
2021-05-01T00:01:55.561217	C311A55EAEFD648A	client=2001:db8::6d84:1d88:ce16
2021-05-01T00:01:56.242054	C311A55EAEFD648A	message-id=<028513cf-58d4-440f-904a-86e3b113a23f@D5TYFKU0TB>
2021-05-01T00:01:57.203420	54F177494550E6C7	message-id=<2a5760a7-a316-4e05-9bc1-f437e8d87579@XM60Y0TO2U>
2021-05-01T00:01:57.379811	54F177494550E6C7	from=<john.smith@example.com>
2021-05-01T00:01:58.066377	C4FA90E73003EC9B	to=<michael.rodriguez@example.com>
2021-05-01T00:01:58.667245	54F177494550E6C7	to=<joseph.brown@example.com>
2021-05-01T00:01:59.277641	42C49F74E261B6D5	message-id=<1c86676e-0a6d-480f-9db7-d9eec96e6656@DWJ5P7E9WS>
2021-05-01T00:01:59.974083	D0396C36281AAFC0	client=2001:db8::b94f:54e7:c860
2021-05-01T00:02:00.718944	C009F396D6CBF3E2	to=<mary.williams@example.com>
2021-05-01T00:02:01.171680	029A92D19FDBE553	from=<jennifer.johnson@example.com>
2021-05-01T00:02:01.304767	029A92D19FDBE553	to=<michael.rodriguez@example.com>
2021-05-01T00:02:01.611467	C009F396D6CBF3E2	status=sent
2021-05-01T00:02:02.235294	42C49F74E261B6D5	from=<jessica.brown@example.com>
2021-05-01T00:02:03.111797	029A92D19FDBE553	status=sent
2021-05-01T00:02:03.635541	3C6BA04E04739312	status=rejected
2021-05-01T00:02:03.978597	C4FA90E73003EC9B	status=sent
2021-05-01T00:02:04.297152	F190206B5F90FFB8	client=2001:db8::7bbb:6743:c8c5
2021-05-01T00:02:05.075294	C311A55EAEFD648A	from=<karen.smith@example.com>
2021-05-01T00:02:05.584198	CCE5395D303AE873	to=<thomas.wilson@example.com>
2021-05-01T00:02:06.421293	FE63231060D6D14F	to=<william.smith@example.com>
2021-05-01T00:02:06.763980	C311A55EAEFD648A	to=<susan.smith@example.com>
2021-05-01T00:02:07.455102	CCE5395D303AE873	status=sent
2021-05-01T00:02:07.742392	C311A55EAEFD648A	status=sent
2021-05-01T00:02:08.125085	80CA96805971BF45	client=10.38.217.222
2021-05-01T00:02:08.601963	298AD18A29586932	client=2001:db8::cff1:17b0:b576
2021-05-01T00:02:09.532808	FE63231060D6D14F	status=sent
2021-05-01T00:02:10.293691	2C2F663E9A3736ED	client=2001:db8::cff1:17b0:b576
2021-05-01T00:02:11.070935	54F177494550E6C7	status=sent
2021-05-01T00:02:11.355981	F190206B5F90FFB8	message-id=<ce6b946a-be2e-4a52-9e57-c60826df57e7@9F2MH41UHD>
2021-05-01T00:02:11.640120	11293757F89D237D	client=2001:db8::8f75:20e2:c47f
2021-05-01T00:02:12.088464	298AD18A29586932	message-id=<c588a62c-037d-4686-8b72-e8befff2e2e3@2PPZOR2ULU>
2021-05-01T00:02:12.741305	11293757F89D237D	message-id=<38cf7fd1-8f4a-495d-85d3-e129b7bcaba5@8SDS0G2DZ1>
2021-05-01T00:02:13.613938	F190206B5F90FFB8	from=<charles.jones@example.com>
2021-05-01T00:02:14.003407	3E7B886929C0FA67	from=<robert.rodriguez@example.com>
2021-05-01T00:02:14.204014	3E7B886929C0FA67	to=<charles.jones@example.com>
2021-05-01T00:02:14.888633	3E7B886929C0FA67	status=sent
2021-05-01T00:02:15.195303	42C49F74E261B6D5	to=<william.johnson@example.com>
2021-05-01T00:02:15.246462	BEAF2B266FD1911E	client=10.7.201.222
2021-05-01T00:02:16.241893	11293757F89D237D	from=<mary.williams@example.com>
2021-05-01T00:02:16.960897	2C2F663E9A3736ED	message-id=<4df20018-aa2f-4e83-9504-798b1cc50f94@DOBB196HJF>
2021-05-01T00:02:17.475825	80CA96805971BF45	message-id=<cb01a974-964c-40d4-a34c-3c702d630796@56WZW5K1C2>
2021-05-01T00:02:17.655050	298AD18A29586932	from=<william.smith@example.com>
2021-05-01T00:02:18.443741	42C49F74E261B6D5	status=sent
2021-05-01T00:02:18.473040	BEAF2B266FD1911E	message-id=<fa9e3e76-5c7e-4ead-b7c1-f85babe53bb1@L6TZKLVDBQ>
2021-05-01T00:02:19.085278	BEAF2B266FD1911E	from=<karen.jones@example.com>
2021-05-01T00:02:19.664188	11293757F89D237D	to=<jessica.jones@example.com>
2021-05-01T00:02:20.650936	89221A1261E050A8	client=10.234.214.196
2021-05-01T00:02:20.682759	BEAF2B266FD1911E	to=<james.rodriguez@example.com>
2021-05-01T00:02:21.474997	2C2F663E9A3736ED	from=<joseph.brown@example.com>
2021-05-01T00:02:22.236418	89221A1261E050A8	message-id=<602d3c1a-ba63-423f-b5f5-a3d32cbbac52@G59ZPV879A>
2021-05-01T00:02:23.110253	D0396C36281AAFC0	message-id=<23023646-c7bc-4b54-ac79-135ef6455719@VYZ2HL0GF2>
2021-05-01T00:02:23.241488	89221A1261E050A8	from=<barbara.smith@example.com>
2021-05-01T00:02:23.700855	11293757F89D237D	status=sent
2021-05-01T00:02:23.885762	DA921D88F2709518	client=10.234.214.196
2021-05-01T00:02:24.829870	89221A1261E050A8	to=<joseph.jones@example.com>
2021-05-01T00:02:25.656420	157E9D90EB60900A	client=10.38.217.222
2021-05-01T00:02:25.948207	2C2F663E9A3736ED	to=<mary.davis@example.com>
2021-05-01T00:02:26.158787	298AD18A29586932	to=<jessica.brown@example.com>
2021-05-01T00:02:26.574323	89221A1261E050A8	status=sent
2021-05-01T00:02:27.311944	ECF51685CA0C9984	client=10.2.38.215
2021-05-01T00:02:28.064576	BEAF2B266FD1911E	status=rejected
2021-05-01T00:02:28.877465	80CA96805971BF45	from=<linda.smith@example.com>
2021-05-01T00:02:28.899384	157E9D90EB60900A	message-id=<1c8a59e5-ddce-481d-9bcd-64d1a6a39185@19SPI24W6D>
2021-05-01T00:02:29.235101	D0396C36281AAFC0	from=<david.jones@example.com>
2021-05-01T00:02:29.667001	298AD18A29586932	status=sent
2021-05-01T00:02:30.598165	ECF51685CA0C9984	message-id=<3b6900d2-7273-4d44-91a7-b96ba4cb1739@FOWY19NEKM>
2021-05-01T00:02:31.361495	E165FF3E414E6AA3	client=2001:db8::7bbb:6743:c8c5
2021-05-01T00:02:32.279724	2C2F663E9A3736ED	status=sent
2021-05-01T00:02:33.218082	FAC6F7C406B4DE07	client=10.16.38.41
2021-05-01T00:02:33.869584	FAC6F7C406B4DE07	message-id=<60c91d5b-18a6-4998-9436-12245866b567@7NJNT8UFRE>
2021-05-01T00:02:34.773062	749471DE17CE3714	client=10.2.38.215
2021-05-01T00:02:35.307030	157E9D90EB60900A	from=<sarah.davis@example.com>
2021-05-01T00:02:36.080682	ECF51685CA0C9984	from=<jennifer.garcia@example.com>
2021-05-01T00:02:36.566645	CB63BD87DCD49358	client=10.2.38.215
2021-05-01T00:02:37.006905	229282FC77276423	client=10.227.52.164
2021-05-01T00:02:37.079049	80CA96805971BF45	to=<susan.smith@example.com>
2021-05-01T00:02:37.572354	80CA96805971BF45	status=sent
2021-05-01T00:02:37.833434	E165FF3E414E6AA3	message-id=<4ce92434-747e-4013-bacf-40f866ab9ebe@OL891WFDIF>
2021-05-01T00:02:38.245265	229282FC77276423	message-id=<edc7932c-608a-4562-8163-caa0354d8497@FV920IE9NT>
2021-05-01T00:02:38.715938	157E9D90EB60900A	to=<mary.davis@example.com>
2021-05-01T00:02:38.886967	673783EECF924ABB	client=2001:db8::6d84:1d88:ce16
2021-05-01T00:02:39.452641	749471DE17CE3714	message-id=<7336d8a3-8a6d-4f20-8b50-126457ddee5f@G59ZPV879A>
2021-05-01T00:02:40.090585	E165FF3E414E6AA3	from=<robert.rodriguez@example.com>
2021-05-01T00:02:40.497656	749471DE17CE3714	from=<barbara.smith@example.com>
2021-05-01T00:02:41.407327	229282FC77276423	from=<susan.smith@example.com>
2021-05-01T00:02:41.558500	F190206B5F90FFB8	to=<joseph.smith@example.com>
2021-05-01T00:02:42.046436	749471DE17CE3714	to=<joseph.brown@example.com>
2021-05-01T00:02:42.210089	DA921D88F2709518	message-id=<a0bf7969-c26c-4b0c-800d-4060d34d76d3@3A25EX4L5G>
2021-05-01T00:02:43.014374	ECF51685CA0C9984	to=<john.smith@example.com>
2021-05-01T00:02:43.055193	673783EECF924ABB	message-id=<52970506-11ea-4021-b8f5-b02136d86532@G8WCO44AJS>
2021-05-01T00:02:43.992562	F190206B5F90FFB8	status=sent
2021-05-01T00:02:44.222807	FAC6F7C406B4DE07	from=<patricia.jones@example.com>
2021-05-01T00:02:44.598090	673783EECF924ABB	from=<william.johnson@example.com>
2021-05-01T00:02:44.811137	52DC489F6D29AF0C	client=10.38.217.222
2021-05-01T00:02:45.358621	E165FF3E414E6AA3	to=<thomas.wilson@example.com>
2021-05-01T00:02:45.809738	CB63BD87DCD49358	message-id=<ab5fade3-38e8-47da-bafd-cf68ebee4df7@XM60Y0TO2U>
2021-05-01T00:02:46.133940	ECF51685CA0C9984	status=sent
2021-05-01T00:02:46.173100	D0396C36281AAFC0	to=<barbara.smith@example.com>
2021-05-01T00:02:46.371582	6487202719E3AFFA	client=2001:db8::157:f5f:b9f5
2021-05-01T00:02:47.102916	229282FC77276423	to=<robert.rodriguez@example.com>
2021-05-01T00:02:47.594798	E165FF3E414E6AA3	status=sent
2021-05-01T00:02:48.326156	6487202719E3AFFA	message-id=<de4e0f4b-7f74-4da1-90a1-12e44636f5a7@87WCZAF0IS>
2021-05-01T00:02:48.852853	D0396C36281AAFC0	status=sent
2021-05-01T00:02:49.712506	749471DE17CE3714	status=sent
2021-05-01T00:02:50.034792	673783EECF924ABB	to=<karen.jones@example.com>
2021-05-01T00:02:50.437403	EEDAC151718E6199	client=2001:db8::cff1:17b0:b576
2021-05-01T00:02:51.324482	FAC6F7C406B4DE07	to=<jessica.jones@example.com>
2021-05-01T00:02:51.540588	EEDAC151718E6199	message-id=<40c616cc-30e9-4d67-a91d-a6fa9ca5a4d9@XM60Y0TO2U>
2021-05-01T00:02:52.005451	673783EECF924ABB	status=rejected
2021-05-01T00:02:52.112234	229282FC77276423	status=sent
2021-05-01T00:02:52.667982	5477A21ADFB44FF3	client=2001:db8::4b89:9e50:3676
2021-05-01T00:02:52.989845	FAC6F7C406B4DE07	status=sent
2021-05-01T00:02:53.586063	CB63BD87DCD49358	from=<john.smith@example.com>
2021-05-01T00:02:54.008351	C36A99DD8E2F52F4	client=10.126.175.88
2021-05-01T00:02:54.361659	5477A21ADFB44FF3	message-id=<9c75d2e8-7563-491f-a2d8-522dd8a2c9fe@G8WCO44AJS>
2021-05-01T00:02:54.513273	52DC489F6D29AF0C	message-id=<d20e9927-3cb8-4c87-9f19-2cdf8c4207d6@4P8DVNALG2>
2021-05-01T00:02:55.168270	DA921D88F2709518	from=<richard.garcia@example.com>
2021-05-01T00:02:55.386675	5477A21ADFB44FF3	from=<william.johnson@example.com>
2021-05-01T00:02:55.669742	5477A21ADFB44FF3	to=<james.rodriguez@example.com>
2021-05-01T00:02:56.207971	5477A21ADFB44FF3	status=sent
2021-05-01T00:02:56.525383	B9ADD1F368F620CF	client=2001:db8::bce6:45f4:f398
2021-05-01T00:02:56.730037	CB63BD87DCD49358	to=<mary.williams@example.com>
2021-05-01T00:02:57.359313	DA921D88F2709518	to=<william.johnson@example.com>
2021-05-01T00:02:58.254700	157E9D90EB60900A	status=sent
2021-05-01T00:02:58.585519	3AF966B6E9519507	client=10.52.41.44
2021-05-01T00:02:59.179466	C36A99DD8E2F52F4	message-id=<0675b4cd-09b6-4b27-897d-ea2581a479c9@XM60Y0TO2U>
2021-05-01T00:03:00.088196	EEDAC151718E6199	from=<john.smith@example.com>
2021-05-01T00:03:00.587222	B9ADD1F368F620CF	message-id=<637a38bf-aaab-4a96-931c-ea64c6e5090b@L6TZKLVDBQ>
2021-05-01T00:03:00.629972	C36A99DD8E2F52F4	from=<john.smith@example.com>
2021-05-01T00:03:00.811386	3AF966B6E9519507	message-id=<12a61696-a545-42bb-afa7-222a026824b5@19SPI24W6D>
2021-05-01T00:03:01.054996	CB63BD87DCD49358	status=sent
2021-05-01T00:03:01.646553	3705A461271D7F98	client=2001:db8::c033:cf8:f10e
2021-05-01T00:03:02.466216	3AF966B6E9519507	from=<sarah.davis@example.com>
2021-05-01T00:03:03.330790	DA921D88F2709518	status=sent
2021-05-01T00:03:03.445512	3AF966B6E9519507	to=<james.rodriguez@example.com>
2021-05-01T00:03:03.967485	862ACEBD69FE11A7	client=10.2.38.215
2021-05-01T00:03:04.556284	F786E5E1437F8BC6	client=10.2.38.215
2021-05-01T00:03:05.109592	D8429E74C3D7529B	client=2001:db8::6d84:1d88:ce16
2021-05-01T00:03:05.271136	3AF966B6E9519507	status=rejected
2021-05-01T00:03:05.946105	52DC489F6D29AF0C	from=<patricia.garcia@example.com>
2021-05-01T00:03:06.276127	C36A99DD8E2F52F4	to=<mary.miller@example.com>
2021-05-01T00:03:07.198358	862ACEBD69FE11A7	message-id=<2bb9496b-d191-46fa-839a-b8e2d540177f@FOWY19NEKM>
2021-05-01T00:03:08.060168	3705A461271D7F98	message-id=<e33de5fd-9925-4eb3-b0fa-31ee7463f7e2@D5TYFKU0TB>
2021-05-01T00:03:08.845930	D8429E74C3D7529B	message-id=<bea3f058-38ee-4be9-b287-01c8cf1fffa9@EZB7E1SC4K>
2021-05-01T00:03:09.235257	862ACEBD69FE11A7	from=<jennifer.garcia@example.com>
2021-05-01T00:03:10.009487	6487202719E3AFFA	from=<david.johnson@example.com>
2021-05-01T00:03:10.618291	862ACEBD69FE11A7	to=<barbara.smith@example.com>
2021-05-01T00:03:11.190855	52DC489F6D29AF0C	to=<charles.jones@example.com>
2021-05-01T00:03:12.075385	D8429E74C3D7529B	from=<thomas.wilson@example.com>
2021-05-01T00:03:13.006687	C36A99DD8E2F52F4	status=sent
2021-05-01T00:03:13.182893	862ACEBD69FE11A7	status=sent
2021-05-01T00:03:13.593504	D8429E74C3D7529B	to=<karen.jones@example.com>
2021-05-01T00:03:13.614592	3705A461271D7F98	from=<karen.smith@example.com>
2021-05-01T00:03:14.029779	B9ADD1F368F620CF	from=<karen.jones@example.com>
2021-05-01T00:03:14.580308	CC09F3DF8D691BF1	client=10.2.38.215
2021-05-01T00:03:14.913036	FF6AF66796232AE9	client=2001:db8::bce6:45f4:f398
2021-05-01T00:03:15.838604	52DC489F6D29AF0C	status=sent
2021-05-01T00:03:16.783957	FE92FE72759C5636	client=2001:db8::c033:cf8:f10e
2021-05-01T00:03:16.856403	EEDAC151718E6199	to=<jessica.brown@example.com>
2021-05-01T00:03:17.413402	D8429E74C3D7529B	status=sent
2021-05-01T00:03:17.458882	B2F0FD7D42D0FD14	client=2001:db8::c033:cf8:f10e
2021-05-01T00:03:18.384783	FF6AF66796232AE9	message-id=<cd04c942-f9b4-4d74-98bd-340108a9180e@553ATN2B5U>
2021-05-01T00:03:18.532033	29CC80E1239C552E	client=10.234.214.196
2021-05-01T00:03:18.745802	FF6AF66796232AE9	from=<patricia.miller@example.com>
2021-05-01T00:03:18.949980	29CC80E1239C552E	message-id=<97b912fa-c43e-4da4-947f-656429410dcd@VYZ2HL0GF2>
2021-05-01T00:03:19.836930	29CC80E1239C552E	from=<david.jones@example.com>
2021-05-01T00:03:20.566179	B9ADD1F368F620CF	to=<mary.miller@example.com>
2021-05-01T00:03:20.584399	B2F0FD7D42D0FD14	message-id=<1b3842aa-e42d-4550-80cf-cef5c5777df2@OTYESS0TGT>
2021-05-01T00:03:21.188865	B9ADD1F368F620CF	status=sent
2021-05-01T00:03:21.802717	FE92FE72759C5636	message-id=<7b36d94e-8cd0-4b1e-8061-8b856599db8a@IUZAJ2KVCD>
2021-05-01T00:03:22.201266	FF6AF66796232AE9	to=<jessica.jones@example.com>
2021-05-01T00:03:22.574553	3705A461271D7F98	to=<mary.davis@example.com>
2021-05-01T00:03:23.441156	3705A461271D7F98	status=sent
2021-05-01T00:03:24.167907	FF6AF66796232AE9	status=sent
2021-05-01T00:03:24.512110	29CC80E1239C552E	to=<jessica.jones@example.com>
2021-05-01T00:03:24.681315	CC09F3DF8D691BF1	message-id=<6dff1d3b-0c39-4174-a6c4-18cecd6c7b32@AWD0BPDKXK>
2021-05-01T00:03:25.547022	BE6B435C470DB2BC	client=2001:db8::8f75:20e2:c47f
2021-05-01T00:03:26.509102	CC09F3DF8D691BF1	from=<jennifer.miller@example.com>
2021-05-01T00:03:27.333804	EEDAC151718E6199	status=sent
2021-05-01T00:03:27.588090	6487202719E3AFFA	to=<joseph.smith@example.com>
2021-05-01T00:03:28.099500	CC09F3DF8D691BF1	to=<jessica.jones@example.com>
2021-05-01T00:03:28.635210	CC09F3DF8D691BF1	status=sent
2021-05-01T00:03:28.885036	29CC80E1239C552E	status=sent
2021-05-01T00:03:29.385643	19FFE6EF0B37DFAC	client=2001:db8::8f75:20e2:c47f
2021-05-01T00:03:30.112154	8E9BB29AB3306747	client=2001:db8::b94f:54e7:c860
2021-05-01T00:03:30.370275	0B036B52E75993A5	client=2001:db8::8f75:20e2:c47f
2021-05-01T00:03:30.898635	F786E5E1437F8BC6	message-id=<026442fb-5028-4008-baf5-b7e4435095f8@Q93MH8G0LK>
2021-05-01T00:03:30.910815	8E9BB29AB3306747	message-id=<8ac5bd63-1a51-4407-aef7-52f4c346b0b6@SVLCC616UF>
2021-05-01T00:03:31.376320	2E1FD6C02B822308	client=10.234.214.196
2021-05-01T00:03:31.629142	6487202719E3AFFA	status=sent
2021-05-01T00:03:32.553881	A360173F1A6A12A0	client=2001:db8::4b89:9e50:3676
2021-05-01T00:03:33.335265	542A6B414EF7DFA6	client=2001:db8::b94f:54e7:c860
2021-05-01T00:03:33.489089	A360173F1A6A12A0	message-id=<c128660a-4840-474d-8f3b-3f95cd754b80@U83K85L7HK>
2021-05-01T00:03:33.788851	A360173F1A6A12A0	from=<michael.brown@example.com>
2021-05-01T00:03:34.051121	4F776F11B5B19760	client=10.2.38.215
2021-05-01T00:03:34.261554	542A6B414EF7DFA6	message-id=<8ac76ce7-88ad-4da1-b933-b9abe9f3e16c@Q93MH8G0LK>
2021-05-01T00:03:34.801890	F786E5E1437F8BC6	from=<james.rodriguez@example.com>
2021-05-01T00:03:35.180432	FE92FE72759C5636	from=<mary.davis@example.com>
2021-05-01T00:03:35.653814	B2F0FD7D42D0FD14	from=<william.davis@example.com>
2021-05-01T00:03:36.396831	2E1FD6C02B822308	message-id=<7758908a-d096-43c8-9cfc-a3c5f97b95fa@XM60Y0TO2U>
2021-05-01T00:03:37.028296	8E9BB29AB3306747	from=<joseph.smith@example.com>
2021-05-01T00:03:37.831814	19FFE6EF0B37DFAC	message-id=<7ce5f2a4-4960-4a49-babb-8092dc4ab5f4@553ATN2B5U>
2021-05-01T00:03:37.858821	B2F0FD7D42D0FD14	to=<barbara.smith@example.com>
2021-05-01T00:03:38.240291	F786E5E1437F8BC6	to=<susan.smith@example.com>
2021-05-01T00:03:38.589549	19FFE6EF0B37DFAC	from=<patricia.miller@example.com>
2021-05-01T00:03:38.914708	BE6B435C470DB2BC	message-id=<114e94cf-014c-4219-b666-eabfa48ef308@OL891WFDIF>
2021-05-01T00:03:39.384192	A360173F1A6A12A0	to=<patricia.jones@example.com>
2021-05-01T00:03:39.813713	4F776F11B5B19760	message-id=<54ca264f-e865-4661-8d6e-d795e5ff50ea@82AZ76YJPI>
2021-05-01T00:03:40.159860	FE92FE72759C5636	to=<sarah.smith@example.com>
2021-05-01T00:03:40.671854	BE6B435C470DB2BC	from=<robert.rodriguez@example.com>
2021-05-01T00:03:41.121096	0B036B52E75993A5	message-id=<867e4e04-7655-4e72-8865-809ba2e470bd@DOBB196HJF>
2021-05-01T00:03:42.081464	F786E5E1437F8BC6	status=sent
2021-05-01T00:03:42.835754	19FFE6EF0B37DFAC	to=<karen.jones@example.com>
2021-05-01T00:03:43.603807	B2F0FD7D42D0FD14	status=sent
2021-05-01T00:03:44.036858	6065FCCA271AF5CD	client=2001:db8::b94f:54e7:c860
2021-05-01T00:03:44.528647	BE6B435C470DB2BC	to=<mary.williams@example.com>
2021-05-01T00:03:44.707221	4F776F11B5B19760	from=<elizabeth.brown@example.com>
2021-05-01T00:03:45.299368	BE6B435C470DB2BC	status=rejected
2021-05-01T00:03:45.496081	93E41381FC470542	client=10.234.214.196
2021-05-01T00:03:46.116323	6065FCCA271AF5CD	message-id=<14041c32-a883-4bc8-808e-a8b80e77a08e@U83K85L7HK>
2021-05-01T00:03:46.914283	6065FCCA271AF5CD	from=<michael.brown@example.com>
2021-05-01T00:03:47.660580	8E9BB29AB3306747	to=<linda.smith@example.com>
2021-05-01T00:03:48.383557	FE92FE72759C5636	status=sent
2021-05-01T00:03:48.744398	0B036B52E75993A5	from=<joseph.brown@example.com>
2021-05-01T00:03:49.586530	6065FCCA271AF5CD	to=<barbara.smith@example.com>
2021-05-01T00:03:50.222147	CC74DEA38F772D15	client=10.7.201.222
2021-05-01T00:03:50.596167	CC74DEA38F772D15	message-id=<718c0702-01e8-455a-9da4-2a527b41e532@IUZAJ2KVCD>
2021-05-01T00:03:51.015385	8E9BB29AB3306747	status=sent
2021-05-01T00:03:51.800394	A360173F1A6A12A0	status=sent
2021-05-01T00:03:52.450164	542A6B414EF7DFA6	from=<james.rodriguez@example.com>
2021-05-01T00:03:53.413991	9B2523D174A88425	client=10.2.38.215
2021-05-01T00:03:53.722859	93E41381FC470542	message-id=<d5cf6ce5-bf1b-4ded-b8fc-053fac7dd1af@DWJ5P7E9WS>
2021-05-01T00:03:54.215521	CC74DEA38F772D15	from=<mary.davis@example.com>
2021-05-01T00:03:55.170076	1615D4F98C1271F7	client=10.234.214.196
2021-05-01T00:03:55.313969	6065FCCA271AF5CD	status=sent
2021-05-01T00:03:55.674907	93E41381FC470542	from=<jessica.brown@example.com>
2021-05-01T00:03:56.626509	0B036B52E75993A5	to=<joseph.jones@example.com>
2021-05-01T00:03:56.779632	542A6B414EF7DFA6	to=<joseph.smith@example.com>
2021-05-01T00:03:57.022487	4AC62FFC26CF306D	client=10.38.239.99
2021-05-01T00:03:57.115876	1615D4F98C1271F7	message-id=<2a3db3e5-ecf8-4fac-83af-ae68b83b0905@GCKKF1FJXJ>
2021-05-01T00:03:58.046082	93E41381FC470542	to=<william.johnson@example.com>
2021-05-01T00:03:58.389442	8EED8B5142EE095A	client=10.16.38.41
2021-05-01T00:03:58.971376	2E1FD6C02B822308	from=<john.smith@example.com>
2021-05-01T00:03:59.159934	4F776F11B5B19760	to=<elizabeth.brown@example.com>
2021-05-01T00:03:59.261833	4F776F11B5B19760	status=sent
2021-05-01T00:04:00.168574	8EED8B5142EE095A	message-id=<bbcfc51e-c6a2-412c-b1f8-6f40769f9c0b@553ATN2B5U>
2021-05-01T00:04:00.873002	1615D4F98C1271F7	from=<michael.rodriguez@example.com>
2021-05-01T00:04:01.505405	542A6B414EF7DFA6	status=sent
2021-05-01T00:04:02.016759	93E41381FC470542	status=rejected
2021-05-01T00:04:02.463861	7BA274840D27A136	client=2001:db8::157:f5f:b9f5
2021-05-01T00:04:02.942762	0B036B52E75993A5	status=sent
2021-05-01T00:04:03.167987	1615D4F98C1271F7	to=<susan.smith@example.com>
2021-05-01T00:04:03.903982	4AC62FFC26CF306D	message-id=<756504c6-571e-4cf2-b281-de73eb86b190@KR0CZMQYOL>
2021-05-01T00:04:04.873625	4A2BAA0271AD3602	client=2001:db8::51ff:89b3:ee33
2021-05-01T00:04:05.774639	9B2523D174A88425	message-id=<627901d4-683c-448f-9f13-50a34fb2da16@DWJ5P7E9WS>
2021-05-01T00:04:06.335426	19FFE6EF0B37DFAC	status=sent
2021-05-01T00:04:06.429408	9B2523D174A88425	from=<jessica.brown@example.com>
2021-05-01T00:04:07.409611	C884BF9316F69DA1	client=2001:db8::c033:cf8:f10e
2021-05-01T00:04:08.110126	7BA274840D27A136	message-id=<aaa23c6d-443c-45b9-91a3-52d568b8facc@DWJ5P7E9WS>
2021-05-01T00:04:08.545238	9B2523D174A88425	to=<linda.smith@example.com>
2021-05-01T00:04:08.730743	4AC62FFC26CF306D	from=<joseph.jones@example.com>
2021-05-01T00:04:09.151642	1615D4F98C1271F7	status=sent
2021-05-01T00:04:09.411264	4A2BAA0271AD3602	message-id=<220208e3-65b3-4489-8f93-c70a71c50b24@EZB7E1SC4K>
2021-05-01T00:04:10.162663	6ACE8DBEDE86C6F9	client=10.2.38.215
2021-05-01T00:04:10.945943	7BA274840D27A136	from=<jessica.brown@example.com>
2021-05-01T00:04:11.029730	CC74DEA38F772D15	to=<patricia.miller@example.com>
2021-05-01T00:04:11.108988	4AC62FFC26CF306D	to=<patricia.garcia@example.com>
2021-05-01T00:04:11.211702	C884BF9316F69DA1	message-id=<edcdaf47-6a07-4226-9db8-30e76071a374@30Q7E75V7B>
2021-05-01T00:04:12.010847	8EED8B5142EE095A	from=<patricia.miller@example.com>
2021-05-01T00:04:12.457996	8EED8B5142EE095A	to=<joseph.smith@example.com>
2021-05-01T00:04:12.478322	15BD70D0D9BC721D	client=10.38.217.222
2021-05-01T00:04:12.992005	15BD70D0D9BC721D	message-id=<6ed1bacc-fd7c-4766-8ca3-71c546a327fb@8SDS0G2DZ1>
2021-05-01T00:04:13.454476	15BD70D0D9BC721D	from=<mary.williams@example.com>
2021-05-01T00:04:14.449054	4AC62FFC26CF306D	status=sent
2021-05-01T00:04:14.490085	EF125C8E353DC943	client=2001:db8::cff1:17b0:b576
2021-05-01T00:04:15.368955	15BD70D0D9BC721D	to=<mary.williams@example.com>
2021-05-01T00:04:15.562244	CC74DEA38F772D15	status=sent
2021-05-01T00:04:15.608558	15BD70D0D9BC721D	status=sent
2021-05-01T00:04:15.900445	5ABF3694855ED65A	client=2001:db8::157:f5f:b9f5
2021-05-01T00:04:16.799414	4A2BAA0271AD3602	from=<thomas.wilson@example.com>
2021-05-01T00:04:17.335566	AE92C4D92E00117B	client=10.52.41.44
2021-05-01T00:04:17.958560	7BA274840D27A136	to=<linda.johnson@example.com>
2021-05-01T00:04:18.868035	DFDF938FDDB4C94A	client=10.38.239.99
2021-05-01T00:04:18.875396	6ACE8DBEDE86C6F9	message-id=<99c20fbb-4ee9-4dfc-958c-fba40c0f2588@HYNR6KSQJE>
2021-05-01T00:04:19.855239	6ACE8DBEDE86C6F9	from=<mary.miller@example.com>
2021-05-01T00:04:20.007494	4A2BAA0271AD3602	to=<david.jones@example.com>
2021-05-01T00:04:20.451934	8EED8B5142EE095A	status=sent
2021-05-01T00:04:20.763745	C884BF9316F69DA1	from=<barbara.rodriguez@example.com>
2021-05-01T00:04:21.708490	7BA274840D27A136	status=rejected
2021-05-01T00:04:22.505936	9B2523D174A88425	status=sent
2021-05-01T00:04:22.577505	EF125C8E353DC943	message-id=<c7b47a70-6348-4b2e-9d47-2b68dd92273d@30Q7E75V7B>
2021-05-01T00:04:23.342382	65AB297676392368	client=2001:db8::51ff:89b3:ee33
2021-05-01T00:04:23.410913	DFDF938FDDB4C94A	message-id=<4849078a-6373-46cc-8629-ba9253d47dad@D5TYFKU0TB>
2021-05-01T00:04:24.289242	65AB297676392368	message-id=<85d1694b-75b3-4afe-a7eb-9282c437a341@553ATN2B5U>
2021-05-01T00:04:24.437663	6ACE8DBEDE86C6F9	to=<sarah.davis@example.com>
2021-05-01T00:04:25.059732	AE92C4D92E00117B	message-id=<ed5de946-9248-42af-9668-d89d0d9a6554@30Q7E75V7B>
2021-05-01T00:04:25.698972	EF125C8E353DC943	from=<barbara.rodriguez@example.com>
2021-05-01T00:04:25.707838	5ABF3694855ED65A	message-id=<cfed8ea0-ab75-4bfe-bad6-bca3f436aaa7@U83K85L7HK>
2021-05-01T00:04:26.347894	DFDF938FDDB4C94A	from=<karen.smith@example.com>
2021-05-01T00:04:26.767561	DFDF938FDDB4C94A	to=<karen.jones@example.com>
2021-05-01T00:04:27.354261	65AB297676392368	from=<patricia.miller@example.com>
2021-05-01T00:04:27.546669	65AB297676392368	to=<william.johnson@example.com>
2021-05-01T00:04:28.508352	5ABF3694855ED65A	from=<michael.brown@example.com>
2021-05-01T00:04:28.579964	C5A7F41C60258E80	client=10.38.239.99
2021-05-01T00:04:29.257247	5ABF3694855ED65A	to=<david.jones@example.com>
2021-05-01T00:04:29.383018	DFDF938FDDB4C94A	status=sent
2021-05-01T00:04:30.097117	5ABF3694855ED65A	status=sent
2021-05-01T00:04:30.725706	6ACE8DBEDE86C6F9	status=sent
2021-05-01T00:04:31.423802	C5A7F41C60258E80	message-id=<7eecc249-f07a-4fb4-8304-ed0c6eebcf2a@FFJ6FNVCKS>
2021-05-01T00:04:31.905294	C884BF9316F69DA1	to=<sarah.smith@example.com>
2021-05-01T00:04:32.366374	AE92C4D92E00117B	from=<barbara.rodriguez@example.com>
2021-05-01T00:04:32.676388	5E7BF96880C46991	client=10.7.201.222
2021-05-01T00:04:32.742991	AE92C4D92E00117B	to=<elizabeth.brown@example.com>
2021-05-01T00:04:33.695078	EF125C8E353DC943	to=<patricia.jones@example.com>
2021-05-01T00:04:34.318394	E72761AE020D3CE8	client=2001:db8::8f75:20e2:c47f
2021-05-01T00:04:34.728156	BCC253A8D79BB706	client=10.126.175.88
2021-05-01T00:04:35.287371	8E6D724CE5A0C7A6	client=10.227.52.164
2021-05-01T00:04:35.910157	AE92C4D92E00117B	status=sent
2021-05-01T00:04:36.164405	607A3BA11667082B	client=10.52.41.44
2021-05-01T00:04:36.212210	E72761AE020D3CE8	message-id=<a33343ef-e8bc-493c-9925-94f63049725d@I3XJQ6HJBU>
2021-05-01T00:04:36.566014	E72761AE020D3CE8	from=<linda.johnson@example.com>
2021-05-01T00:04:37.025128	4A2BAA0271AD3602	status=sent
2021-05-01T00:04:37.550002	65AB297676392368	status=sent
2021-05-01T00:04:38.397205	59A08DED76A327EC	client=10.172.59.97
2021-05-01T00:04:39.260972	2E1FD6C02B822308	to=<sarah.smith@example.com>
2021-05-01T00:04:40.046107	BCC253A8D79BB706	message-id=<e9ad494c-e0b1-4c90-b084-c1d7b2ddd1f1@DOBB196HJF>
2021-05-01T00:04:40.556550	C884BF9316F69DA1	status=sent
2021-05-01T00:04:40.563815	BCC253A8D79BB706	from=<joseph.brown@example.com>
2021-05-01T00:04:41.287532	607A3BA11667082B	message-id=<737f3bbc-bc51-40c8-8791-60cf0ae8ebaf@SVLCC616UF>
2021-05-01T00:04:41.423527	8E6D724CE5A0C7A6	message-id=<66bebaa6-9971-45c5-91ee-4a2c5b2e82f4@FOWY19NEKM>
2021-05-01T00:04:41.798614	5E7BF96880C46991	message-id=<095a7dd4-2488-42d0-aca0-bab125260188@2PPZOR2ULU>
2021-05-01T00:04:42.589653	5E7BF96880C46991	from=<william.smith@example.com>
2021-05-01T00:04:42.904405	607A3BA11667082B	from=<joseph.smith@example.com>
2021-05-01T00:04:43.658622	C5A7F41C60258E80	from=<jessica.jones@example.com>
2021-05-01T00:04:44.136103	59A08DED76A327EC	message-id=<808ada19-fdfe-4434-96fb-07a6f9bca469@FV920IE9NT>
2021-05-01T00:04:44.824514	F45E2501A91A7CA4	client=10.227.52.164
2021-05-01T00:04:45.546473	5E7BF96880C46991	to=<jessica.jones@example.com>
2021-05-01T00:04:46.191156	E72761AE020D3CE8	to=<james.rodriguez@example.com>
2021-05-01T00:04:46.662984	EF125C8E353DC943	status=rejected
2021-05-01T00:04:47.422378	8364D83E52AE316F	client=10.227.52.164
2021-05-01T00:04:47.761605	E72761AE020D3CE8	status=sent
2021-05-01T00:04:47.996227	5E7BF96880C46991	status=sent
2021-05-01T00:04:48.719445	8364D83E52AE316F	message-id=<c3851ca7-7443-4628-a0f8-fc12a9cab35e@EZB7E1SC4K>
2021-05-01T00:04:49.640204	8E6D724CE5A0C7A6	from=<jennifer.garcia@example.com>
2021-05-01T00:04:49.716963	F45E2501A91A7CA4	message-id=<0dc97f0f-84e4-43a8-bf5f-9c884e223ca0@4Q1QAJ0BLI>
2021-05-01T00:04:50.489230	607A3BA11667082B	to=<david.johnson@example.com>
2021-05-01T00:04:50.635958	8364D83E52AE316F	from=<thomas.wilson@example.com>
2021-05-01T00:04:51.058346	F45E2501A91A7CA4	from=<thomas.williams@example.com>
2021-05-01T00:04:51.801151	96397C109653B73F	client=10.38.217.222
2021-05-01T00:04:52.403017	96397C109653B73F	message-id=<fde8a6ad-0b83-4d84-9c29-65933b579b59@D5TYFKU0TB>
2021-05-01T00:04:52.854472	2E1FD6C02B822308	status=sent
2021-05-01T00:04:53.836670	8E6D724CE5A0C7A6	to=<mary.williams@example.com>
2021-05-01T00:04:53.840121	607A3BA11667082B	status=sent
2021-05-01T00:04:54.262169	05BF360459769A90	client=10.234.214.196
2021-05-01T00:04:54.617967	BCC253A8D79BB706	to=<robert.rodriguez@example.com>
2021-05-01T00:04:54.814577	C5A7F41C60258E80	to=<charles.jones@example.com>
2021-05-01T00:04:54.934322	BCC253A8D79BB706	status=sent
2021-05-01T00:04:55.139312	59A08DED76A327EC	from=<susan.smith@example.com>
2021-05-01T00:04:55.842086	F45E2501A91A7CA4	to=<linda.smith@example.com>
2021-05-01T00:04:56.524380	8364D83E52AE316F	to=<michael.rodriguez@example.com>
2021-05-01T00:04:56.738055	59A08DED76A327EC	to=<barbara.rodriguez@example.com>
2021-05-01T00:04:57.055604	8364D83E52AE316F	status=sent
2021-05-01T00:04:57.543689	05BF360459769A90	message-id=<53db4551-7bd7-4c7c-bb2e-d36977b41133@G8WCO44AJS>
2021-05-01T00:04:57.644791	F45E2501A91A7CA4	status=sent
2021-05-01T00:04:58.619950	C5A7F41C60258E80	status=sent
2021-05-01T00:04:59.617423	380A3C05D3C87F47	client=10.7.201.222
